[INFO ] 2020-05-04T20:10:31,216Z [main] cliutils.CordaCliWrapper. - Application Args: 
[INFO ] 2020-05-04T20:10:35,455Z [main] manifests.Manifests. - 129 attributes loaded from 166 stream(s) in 347ms, 129 saved, 2614 ignored: ["ActiveMQ-Version", "Agent-Class", "Ant-Version", "Application-Class", "Application-ID", "Application-Library-Allowable-Codebase", "Application-Name", "Application-Version", "Apr-Version", "Archiver-Version", "Automatic-Module-Name", "Bnd-LastModified", "BoringSSL-Branch", "BoringSSL-Revision", "Branch", "Build-Date", "Build-Host", "Build-Id", "Build-Java-Version", "Build-Jdk", "Build-Jdk-Spec", "Build-Job", "Build-Number", "Build-Time", "Build-Timestamp", "Build-Version", "Built-By", "Built-OS", "Built-Status", "Bundle-Activator", "Bundle-Category", "Bundle-ClassPath", "Bundle-Description", "Bundle-DocURL", "Bundle-License", "Bundle-ManifestVersion", "Bundle-Name", "Bundle-NativeCode", "Bundle-RequiredExecutionEnvironment", "Bundle-SymbolicName", "Bundle-Vendor", "Bundle-Version", "Caller-Allowable-Codebase", "Can-Redefine-Classes", "Can-Retransform-Classes", "Can-Set-Native-Method-Prefix", "Caplets", "Change", "Class-Path", "Codebase", "Corda-DJVM-Dependencies", "Corda-Deterministic-Classpath", "Corda-Deterministic-Runtime", "Corda-Platform-Version", "Corda-Release-Version", "Corda-Revision", "Corda-Vendor", "Created-By", "DynamicImport-Package", "Eclipse-BuddyPolicy", "Eclipse-LazyStart", "Export-Package", "Extension-Name", "Fragment-Host", "Git-Revision", "Git-Url", "Gradle-Version", "Hibernate-JpaVersion", "Hibernate-VersionFamily", "Implementation-Build", "Implementation-Build-Date", "Implementation-Build-Id", "Implementation-Title", "Implementation-URL", "Implementation-Url", "Implementation-Vendor", "Implementation-Vendor-Id", "Implementation-Version", "Import-Package", "Include-Resource", "JCabi-Build", "JCabi-Date", "JCabi-Version", "JVM-Args", "Java-Agents", "Java-Vendor", "Java-Version", "Kotlin-Runtime-Component", "Kotlin-Version", "Liquibase-Package", "Log4jReleaseKey", "Log4jReleaseManager", "Log4jReleaseVersion", "Main-Class", "Main-class", "Major-Version", "Manifest-Version", "Min-Java-Version", "Min-Update-Version", "Module-Email", "Module-Origin", "Module-Owner", "Module-Source", "Multi-Release", "Originally-Created-By", "Os-Arch", "Os-Name", "Os-Version", "Permissions", "Premain-Class", "Private-Package", "Provide-Capability", "Require-Capability", "SCM-Revision", "SCM-url", "Scm-Connection", "Scm-Revision", "Scm-Url", "Sealed", "Service-Component", "Specification-Title", "Specification-Vendor", "Specification-Version", "System-Properties", "Tool", "Trusted-Library", "URL", "X-Compile-Source-JDK", "X-Compile-Target-JDK"]
[INFO ] 2020-05-04T20:10:35,737Z [main] BasicInfo. - Logs can be found in                    : /app/logs
[INFO ] 2020-05-04T20:10:39,745Z [main] subcommands.ValidateConfigurationCli. - Actual configuration:
{
    "additionalNodeInfoPollingFrequencyMsec" : 5000,
    "additionalP2PAddresses" : [],
    "attachmentCacheBound" : 1024,
    "baseDirectory" : "/app",
    "blacklistedAttachmentSigningKeys" : [],
    "certificateChainCheckPolicies" : [],
    "cordappSignerKeyFingerprintBlacklist" : [
        "56CA54E803CB87C8472EBD3FBC6A2F1876E814CEEBF74860BD46997F40729367",
        "83088052AF16700457AE2C978A7D8AC38DD6A7C713539D00B897CD03A5E5D31D",
        "6F6696296C3F58B55FB6CA865A025A3A6CC27AD17C4AFABA1E8EF062E0A82739"
    ],
    "crlCheckSoftFail" : true,
    "dataSourceProperties" : "*****",
    "database" : {
        "exportHibernateJMXStatistics" : false,
        "initialiseAppSchema" : "UPDATE",
        "initialiseSchema" : true,
        "mappedSchemaCacheSize" : 100,
        "transactionIsolationLevel" : "REPEATABLE_READ"
    },
    "detectPublicIp" : false,
    "devMode" : true,
    "emailAddress" : "admin@company.com",
    "extraNetworkMapKeys" : [],
    "flowExternalOperationThreadPoolSize" : 4,
    "flowMonitorPeriodMillis" : {
        "nanos" : 0,
        "seconds" : 60
    },
    "flowMonitorSuspensionLoggingThresholdMillis" : {
        "nanos" : 0,
        "seconds" : 60
    },
    "flowTimeout" : {
        "backoffBase" : 1.8,
        "maxRestartCount" : 6,
        "timeout" : {
            "nanos" : 0,
            "seconds" : 30
        }
    },
    "jarDirs" : [],
    "jmxReporterType" : "JOLOKIA",
    "keyStorePassword" : "*****",
    "lazyBridgeStart" : true,
    "localShellAllowExitInSafeMode" : true,
    "localShellUnsafe" : false,
    "myLegalName" : "O=PartyA,L=London,C=GB",
    "networkParameterAcceptanceSettings" : {
        "autoAcceptEnabled" : true,
        "excludedAutoAcceptableParameters" : []
    },
    "noLocalShell" : false,
    "p2pAddress" : "localhost:10005",
    "rpcSettings" : {
        "address" : "localhost:10006",
        "adminAddress" : "localhost:10046",
        "standAloneBroker" : false,
        "useSsl" : false
    },
    "rpcUsers" : [],
    "security" : {
        "authService" : {
            "dataSource" : {
                "passwordEncryption" : "NONE",
                "type" : "INMEMORY",
                "users" : [
                    {
                        "ignoresFallbacks" : false,
                        "resolved" : true,
                        "value" : {
                            "loadFactor" : 0.75,
                            "modCount" : 3,
                            "size" : 3,
                            "table" : {},
                            "threshold" : 3
                        }
                    }
                ]
            }
        }
    },
    "sshd" : {
        "port" : 2223
    },
    "trustStorePassword" : "*****",
    "useTestClock" : false,
    "verifierType" : "InMemory"
}

[INFO ] 2020-05-04T20:10:39,973Z [main] internal.Node. - Vendor: Corda Open Source
[INFO ] 2020-05-04T20:10:39,973Z [main] internal.Node. - Release: 4.4
[INFO ] 2020-05-04T20:10:39,973Z [main] internal.Node. - Platform Version: 6
[INFO ] 2020-05-04T20:10:39,973Z [main] internal.Node. - Revision: 21e8c4ffb11ef68433e5087b1c2982bdcf3f37f0
[INFO ] 2020-05-04T20:10:39,973Z [main] internal.Node. - PID: 21
[INFO ] 2020-05-04T20:10:39,974Z [main] internal.Node. - Main class: /root/.capsule/apps/net.corda.node.Corda_4.4/corda-node-4.4.jar
[INFO ] 2020-05-04T20:10:39,974Z [main] internal.Node. - CommandLine Args: -Xmx512m -XX:+UseG1GC -XX:+HeapDumpOnOutOfMemoryError -XX:+CrashOnOutOfMemoryError -javaagent:/root/.capsule/apps/net.corda.node.Corda_4.4/quasar-core-0.7.12_r3-jdk8.jar=x(antlr**;bftsmart**;co.paralleluniverse**;com.codahale**;com.esotericsoftware**;com.fasterxml**;com.google**;com.ibm**;com.intellij**;com.jcabi**;com.nhaarman**;com.opengamma**;com.typesafe**;com.zaxxer**;de.javakaffee**;groovy**;groovyjarjarantlr**;groovyjarjarasm**;io.atomix**;io.github**;io.netty**;jdk**;kotlin**;net.corda.djvm**;djvm**;net.bytebuddy**;net.i2p**;org.apache**;org.bouncycastle**;org.codehaus**;org.crsh**;org.dom4j**;org.fusesource**;org.h2**;org.hibernate**;org.jboss**;org.jcp**;org.joda**;org.objectweb**;org.objenesis**;org.slf4j**;org.w3c**;org.xml**;org.yaml**;reflectasm**;rx**;org.jolokia**;com.lmax**;picocli**;liquibase**;com.github.benmanes**;org.json**;org.postgresql**;nonapi.io.github.classgraph**)l(net.corda.djvm.**) -Dvisualvm.display.name=Corda -Djava.library.path=/usr/java/packages/lib/amd64:/usr/lib64:/lib64:/lib:/usr/lib:/root/.capsule/apps/net.corda.node.Corda_4.4 -Dcapsule.app=net.corda.node.Corda_4.4 -Dcapsule.dir=/root/.capsule/apps/net.corda.node.Corda_4.4 -Dcapsule.jar=/app/corda.jar
[INFO ] 2020-05-04T20:10:39,974Z [main] internal.Node. - bootclasspath: /usr/lib/jvm/zulu-8-amd64/jre/lib/resources.jar:/usr/lib/jvm/zulu-8-amd64/jre/lib/rt.jar:/usr/lib/jvm/zulu-8-amd64/jre/lib/sunrsasign.jar:/usr/lib/jvm/zulu-8-amd64/jre/lib/jsse.jar:/usr/lib/jvm/zulu-8-amd64/jre/lib/jce.jar:/usr/lib/jvm/zulu-8-amd64/jre/lib/charsets.jar:/usr/lib/jvm/zulu-8-amd64/jre/lib/jfr.jar:/usr/lib/jvm/zulu-8-amd64/jre/classes
[INFO ] 2020-05-04T20:10:39,974Z [main] internal.Node. - classpath: /app/corda.jar:/root/.capsule/apps/net.corda.node.Corda_4.4/tools.jar:/root/.capsule/apps/net.corda.node.Corda_4.4/corda-shell-4.4.jar:/root/.capsule/apps/net.corda.node.Corda_4.4/corda-rpc-4.4.jar:/root/.capsule/apps/net.corda.node.Corda_4.4/corda-node-api-4.4.jar:/root/.capsule/apps/net.corda.node.Corda_4.4/corda-tools-cliutils-4.4.jar:/root/.capsule/apps/net.corda.node.Corda_4.4/corda-common-configuration-parsing-4.4.jar:/root/.capsule/apps/net.corda.node.Corda_4.4/corda-common-validation-4.4.jar:/root/.capsule/apps/net.corda.node.Corda_4.4/corda-common-logging-4.4.jar:/root/.capsule/apps/net.corda.node.Corda_4.4/corda-confidential-identities-4.4.jar:/root/.capsule/apps/net.corda.node.Corda_4.4/log4j-slf4j-impl-2.11.2.jar:/root/.capsule/apps/net.corda.node.Corda_4.4/log4j-web-2.11.2.jar:/root/.capsule/apps/net.corda.node.Corda_4.4/jul-to-slf4j-1.7.26.jar:/root/.capsule/apps/net.corda.node.Corda_4.4/corda-serialization-djvm-4.4.jar:/root/.capsule/apps/net.corda.node.Corda_4.4/corda-djvm-1.0.jar:/root/.capsule/apps/net.corda.node.Corda_4.4/corda-jackson-4.4.jar:/root/.capsule/apps/net.corda.node.Corda_4.4/corda-serialization-4.4.jar:/root/.capsule/apps/net.corda.node.Corda_4.4/corda-core-4.4.jar:/root/.capsule/apps/net.corda.node.Corda_4.4/kotlin-stdlib-jdk8-1.2.71.jar:/root/.capsule/apps/net.corda.node.Corda_4.4/jackson-module-kotlin-2.9.7.jar:/root/.capsule/apps/net.corda.node.Corda_4.4/kotlin-reflect-1.2.71.jar:/root/.capsule/apps/net.corda.node.Corda_4.4/quasar-core-0.7.12_r3-jdk8.jar:/root/.capsule/apps/net.corda.node.Corda_4.4/kryo-serializers-0.43.jar:/root/.capsule/apps/net.corda.node.Corda_4.4/kryo-4.0.2.jar:/root/.capsule/apps/net.corda.node.Corda_4.4/metrics-new-relic-1.1.1.jar:/root/.capsule/apps/net.corda.node.Corda_4.4/guava-28.0-jre.jar:/root/.capsule/apps/net.corda.node.Corda_4.4/caffeine-2.7.0.jar:/root/.capsule/apps/net.corda.node.Corda_4.4/disruptor-3.4.2.jar:/root/.capsule/apps/net.corda.node.Corda_4.4/commons-collections4-4.3.jar:/root/.capsule/apps/net.corda.node.Corda_4.4/artemis-amqp-protocol-2.6.2.jar:/root/.capsule/apps/net.corda.node.Corda_4.4/artemis-server-2.6.2.jar:/root/.capsule/apps/net.corda.node.Corda_4.4/artemis-jdbc-store-2.6.2.jar:/root/.capsule/apps/net.corda.node.Corda_4.4/artemis-journal-2.6.2.jar:/root/.capsule/apps/net.corda.node.Corda_4.4/artemis-jms-client-2.6.2.jar:/root/.capsule/apps/net.corda.node.Corda_4.4/artemis-core-client-2.6.2.jar:/root/.capsule/apps/net.corda.node.Corda_4.4/artemis-commons-2.6.2.jar:/root/.capsule/apps/net.corda.node.Corda_4.4/shiro-core-1.4.1.jar:/root/.capsule/apps/net.corda.node.Corda_4.4/shiro-config-ogdl-1.4.1.jar:/root/.capsule/apps/net.corda.node.Corda_4.4/commons-beanutils-1.9.3.jar:/root/.capsule/apps/net.corda.node.Corda_4.4/jcabi-manifests-1.1.jar:/root/.capsule/apps/net.corda.node.Corda_4.4/metrics-jmx-4.1.0.jar:/root/.capsule/apps/net.corda.node.Corda_4.4/config-1.3.4.jar:/root/.capsule/apps/net.corda.node.Corda_4.4/corda-node-djvm-4.4.jar:/root/.capsule/apps/net.corda.node.Corda_4.4/h2-1.4.199.jar:/root/.capsule/apps/net.corda.node.Corda_4.4/HikariCP-3.3.1.jar:/root/.capsule/apps/net.corda.node.Corda_4.4/hibernate-java8-5.4.3.Final.jar:/root/.capsule/apps/net.corda.node.Corda_4.4/hibernate-core-5.4.3.Final.jar:/root/.capsule/apps/net.corda.node.Corda_4.4/okhttp-3.14.2.jar:/root/.capsule/apps/net.corda.node.Corda_4.4/picocli-3.9.6.jar:/root/.capsule/apps/net.corda.node.Corda_4.4/library-master-v1.1-beta-g6215ec8-87.jar:/root/.capsule/apps/net.corda.node.Corda_4.4/commons-codec-1.13.jar:/root/.capsule/apps/net.corda.node.Corda_4.4/copycat-client-1.2.3.jar:/root/.capsule/apps/net.corda.node.Corda_4.4/copycat-server-1.2.3.jar:/root/.capsule/apps/net.corda.node.Corda_4.4/catalyst-netty-1.1.2.jar:/root/.capsule/apps/net.corda.node.Corda_4.4/jolokia-jvm-1.6.1-agent.jar:/root/.capsule/apps/net.corda.node.Corda_4.4/netty-tcnative-boringssl-static-2.0.14.Final.jar:/root/.capsule/apps/net.corda.node.Corda_4.4/kotlin-stdlib-jre8-1.2.71.jar:/root/.capsule/apps/net.corda.node.Corda_4.4/proton-j-0.33.0.jar:/root/.capsule/apps/net.corda.node.Corda_4.4/classgraph-4.8.58.jar:/root/.capsule/apps/net.corda.node.Corda_4.4/liquibase-core-3.6.3.jar:/root/.capsule/apps/net.corda.node.Corda_4.4/jackson-datatype-jsr310-2.9.7.jar:/root/.capsule/apps/net.corda.node.Corda_4.4/jackson-databind-2.9.7.jar:/root/.capsule/apps/net.corda.node.Corda_4.4/liquibase-slf4j-2.0.0.jar:/root/.capsule/apps/net.corda.node.Corda_4.4/crash.connectors.ssh-1.7.2.jar:/root/.capsule/apps/net.corda.node.Corda_4.4/crash.shell-1.7.2.jar:/root/.capsule/apps/net.corda.node.Corda_4.4/jansi-1.18.jar:/root/.capsule/apps/net.corda.node.Corda_4.4/log4j-core-2.11.2.jar:/root/.capsule/apps/net.corda.node.Corda_4.4/commons-io-2.6.jar:/root/.capsule/apps/net.corda.node.Corda_4.4/jcabi-log-0.14.jar:/root/.capsule/apps/net.corda.node.Corda_4.4/metrics-core-4.1.0.jar:/root/.capsule/apps/net.corda.node.Corda_4.4/shiro-cache-1.4.1.jar:/root/.capsule/apps/net.corda.node.Corda_4.4/shiro-crypto-hash-1.4.1.jar:/root/.capsule/apps/net.corda.node.Corda_4.4/shiro-crypto-cipher-1.4.1.jar:/root/.capsule/apps/net.corda.node.Corda_4.4/shiro-config-core-1.4.1.jar:/root/.capsule/apps/net.corda.node.Corda_4.4/shiro-event-1.4.1.jar:/root/.capsule/apps/net.corda.node.Corda_4.4/shiro-crypto-core-1.4.1.jar:/root/.capsule/apps/net.corda.node.Corda_4.4/shiro-lang-1.4.1.jar:/root/.capsule/apps/net.corda.node.Corda_4.4/copycat-protocol-1.2.3.jar:/root/.capsule/apps/net.corda.node.Corda_4.4/catalyst-transport-1.1.2.jar:/root/.capsule/apps/net.corda.node.Corda_4.4/jcl-over-slf4j-1.7.26.jar:/root/.capsule/apps/net.corda.node.Corda_4.4/mina-core-2.0.16.jar:/root/.capsule/apps/net.corda.node.Corda_4.4/catalyst-concurrent-1.1.2.jar:/root/.capsule/apps/net.corda.node.Corda_4.4/sshd-pam-0.11.0.jar:/root/.capsule/apps/net.corda.node.Corda_4.4/sshd-core-2.3.0.jar:/root/.capsule/apps/net.corda.node.Corda_4.4/sshd-common-2.3.0.jar:/root/.capsule/apps/net.corda.node.Corda_4.4/catalyst-serializer-1.1.2.jar:/root/.capsule/apps/net.corda.node.Corda_4.4/catalyst-buffer-1.1.2.jar:/root/.capsule/apps/net.corda.node.Corda_4.4/catalyst-common-1.1.2.jar:/root/.capsule/apps/net.corda.node.Corda_4.4/slf4j-api-1.7.26.jar:/root/.capsule/apps/net.corda.node.Corda_4.4/log4j-api-2.11.2.jar:/root/.capsule/apps/net.corda.node.Corda_4.4/kotlin-stdlib-jdk7-1.2.71.jar:/root/.capsule/apps/net.corda.node.Corda_4.4/kotlin-stdlib-jre7-1.2.71.jar:/root/.capsule/apps/net.corda.node.Corda_4.4/kotlin-stdlib-1.2.71.jar:/root/.capsule/apps/net.corda.node.Corda_4.4/reflectasm-1.11.3.jar:/root/.capsule/apps/net.corda.node.Corda_4.4/minlog-1.3.0.jar:/root/.capsule/apps/net.corda.node.Corda_4.4/objenesis-2.5.1.jar:/root/.capsule/apps/net.corda.node.Corda_4.4/failureaccess-1.0.1.jar:/root/.capsule/apps/net.corda.node.Corda_4.4/listenablefuture-9999.0-empty-to-avoid-conflict-with-guava.jar:/root/.capsule/apps/net.corda.node.Corda_4.4/jsr305-3.0.2.jar:/root/.capsule/apps/net.corda.node.Corda_4.4/checker-qual-2.8.1.jar:/root/.capsule/apps/net.corda.node.Corda_4.4/error_prone_annotations-2.3.3.jar:/root/.capsule/apps/net.corda.node.Corda_4.4/j2objc-annotations-1.3.jar:/root/.capsule/apps/net.corda.node.Corda_4.4/animal-sniffer-annotations-1.17.jar:/root/.capsule/apps/net.corda.node.Corda_4.4/commons-collections-3.2.2.jar:/root/.capsule/apps/net.corda.node.Corda_4.4/artemis-native-2.6.2.jar:/root/.capsule/apps/net.corda.node.Corda_4.4/hibernate-commons-annotations-5.1.0.Final.jar:/root/.capsule/apps/net.corda.node.Corda_4.4/jboss-logging-3.3.2.Final.jar:/root/.capsule/apps/net.corda.node.Corda_4.4/artemis-selector-2.6.2.jar:/root/.capsule/apps/net.corda.node.Corda_4.4/netty-handler-4.1.29.Final.jar:/root/.capsule/apps/net.corda.node.Corda_4.4/netty-codec-http-4.1.29.Final.jar:/root/.capsule/apps/net.corda.node.Corda_4.4/netty-codec-4.1.29.Final.jar:/root/.capsule/apps/net.corda.node.Corda_4.4/netty-transport-native-kqueue-4.1.29.Final-osx-x86_64.jar:/root/.capsule/apps/net.corda.node.Corda_4.4/netty-transport-native-epoll-4.1.29.Final-linux-x86_64.jar:/root/.capsule/apps/net.corda.node.Corda_4.4/netty-transport-native-unix-common-4.1.29.Final.jar:/root/.capsule/apps/net.corda.node.Corda_4.4/netty-transport-4.1.29.Final.jar:/root/.capsule/apps/net.corda.node.Corda_4.4/netty-buffer-4.1.29.Final.jar:/root/.capsule/apps/net.corda.node.Corda_4.4/netty-resolver-4.1.29.Final.jar:/root/.capsule/apps/net.corda.node.Corda_4.4/netty-common-4.1.29.Final.jar:/root/.capsule/apps/net.corda.node.Corda_4.4/geronimo-json_1.0_spec-1.0-alpha-1.jar:/root/.capsule/apps/net.corda.node.Corda_4.4/jgroups-3.6.13.Final.jar:/root/.capsule/apps/net.corda.node.Corda_4.4/johnzon-core-0.9.5.jar:/root/.capsule/apps/net.corda.node.Corda_4.4/corda-deserializers-djvm-4.4.jar:/root/.capsule/apps/net.corda.node.Corda_4.4/javax.persistence-api-2.2.jar:/root/.capsule/apps/net.corda.node.Corda_4.4/javassist-3.24.0-GA.jar:/root/.capsule/apps/net.corda.node.Corda_4.4/byte-buddy-1.9.10.jar:/root/.capsule/apps/net.corda.node.Corda_4.4/antlr-2.7.7.jar:/root/.capsule/apps/net.corda.node.Corda_4.4/jboss-transaction-api_1.2_spec-1.1.1.Final.jar:/root/.capsule/apps/net.corda.node.Corda_4.4/jandex-2.0.5.Final.jar:/root/.capsule/apps/net.corda.node.Corda_4.4/classmate-1.3.4.jar:/root/.capsule/apps/net.corda.node.Corda_4.4/jaxb-runtime-2.3.1.jar:/root/.capsule/apps/net.corda.node.Corda_4.4/jaxb-api-2.3.1.jar:/root/.capsule/apps/net.corda.node.Corda_4.4/javax.activation-api-1.2.0.jar:/root/.capsule/apps/net.corda.node.Corda_4.4/dom4j-2.1.1.jar:/root/.capsule/apps/net.corda.node.Corda_4.4/okio-1.17.2.jar:/root/.capsule/apps/net.corda.node.Corda_4.4/jolokia-core-1.6.1.jar:/root/.capsule/apps/net.corda.node.Corda_4.4/json-simple-1.1.1.jar:/root/.capsule/apps/net.corda.node.Corda_4.4/newrelic-api-3.10.0.jar:/root/.capsule/apps/net.corda.node.Corda_4.4/LatencyUtils-2.0.3.jar:/root/.capsule/apps/net.corda.node.Corda_4.4/HdrHistogram-2.1.9.jar:/root/.capsule/apps/net.corda.node.Corda_4.4/asm-analysis-5.2.jar:/root/.capsule/apps/net.corda.node.Corda_4.4/asm-commons-5.2.jar:/root/.capsule/apps/net.corda.node.Corda_4.4/asm-util-5.2.jar:/root/.capsule/apps/net.corda.node.Corda_4.4/asm-tree-5.2.jar:/root/.capsule/apps/net.corda.node.Corda_4.4/asm-7.1.jar:/root/.capsule/apps/net.corda.node.Corda_4.4/rxjava-1.3.8.jar:/root/.capsule/apps/net.corda.node.Corda_4.4/commons-lang3-3.9.jar:/root/.capsule/apps/net.corda.node.Corda_4.4/eddsa-0.3.0.jar:/root/.capsule/apps/net.corda.node.Corda_4.4/bcpkix-jdk15on-1.60.jar:/root/.capsule/apps/net.corda.node.Corda_4.4/bcprov-jdk15on-1.60.jar:/root/.capsule/apps/net.corda.node.Corda_4.4/snappy-0.4.jar:/root/.capsule/apps/net.corda.node.Corda_4.4/jackson-dataformat-yaml-2.9.7.jar:/root/.capsule/apps/net.corda.node.Corda_4.4/snakeyaml-1.23.jar:/root/.capsule/apps/net.corda.node.Corda_4.4/jackson-annotations-2.9.0.jar:/root/.capsule/apps/net.corda.node.Corda_4.4/jackson-core-2.9.7.jar:/root/.capsule/apps/net.corda.node.Corda_4.4/crash.cli-1.7.2.jar:/root/.capsule/apps/net.corda.node.Corda_4.4/groovy-all-1.8.9.jar:/root/.capsule/apps/net.corda.node.Corda_4.4/kotlin-stdlib-common-1.2.71.jar:/root/.capsule/apps/net.corda.node.Corda_4.4/annotations-13.0.jar:/root/.capsule/apps/net.corda.node.Corda_4.4/txw2-2.3.1.jar:/root/.capsule/apps/net.corda.node.Corda_4.4/istack-commons-runtime-3.0.7.jar:/root/.capsule/apps/net.corda.node.Corda_4.4/stax-ex-1.8.jar:/root/.capsule/apps/net.corda.node.Corda_4.4/FastInfoset-1.2.15.jar:/root/.capsule/apps/net.corda.node.Corda_4.4/geronimo-jms_2.0_spec-1.0-alpha-2.jar:/root/.capsule/apps/net.corda.node.Corda_4.4/jpam-1.1.jar:/root/.capsule/apps/net.corda.node.Corda_4.4/corda-node-4.4.jar:/app/drivers/jolokia-jvm-1.6.0-agent.jar:/root/.capsule/apps/net.corda.node.Corda_4.4/quasar-core-0.7.12_r3-jdk8.jar
[INFO ] 2020-05-04T20:10:39,974Z [main] internal.Node. - VM OpenJDK 64-Bit Server VM Azul Systems, Inc. 25.192-b01
[INFO ] 2020-05-04T20:10:39,974Z [main] internal.Node. - Machine: 0299f2eb9c3d
[INFO ] 2020-05-04T20:10:39,988Z [main] internal.Node. - Working Directory: /app
[INFO ] 2020-05-04T20:10:40,393Z [main] internal.Node. - Starting as node on localhost:10005
[INFO ] 2020-05-04T20:10:40,927Z [main] cordapp.JarScanningCordappLoader. - Looking for CorDapps in [/app/cordapps]
[INFO ] 2020-05-04T20:10:41,103Z [main] cordapp.JarScanningCordappLoader. - Loading CorDapps from RestrictedURL(url=file:/app/cordapps/contracts-0.1.jar, rootPackageName=null), RestrictedURL(url=file:/app/cordapps/workflows-0.1.jar, rootPackageName=null)
[INFO ] 2020-05-04T20:10:41,196Z [main] cordapp.JarScanningCordappLoader. - Scanning CorDapp in file:/app/cordapps/contracts-0.1.jar
[INFO ] 2020-05-04T20:10:42,348Z [main] cordapp.JarScanningCordappLoader. - Scanning CorDapp in file:/app/cordapps/workflows-0.1.jar
[INFO ] 2020-05-04T20:10:46,489Z [main] internal.Node. - Flow external operation executor has a max of 4 threads
[WARN ] 2020-05-04T20:10:46,739Z [main] internal.Node. - This node is running in development mode!  This is not safe for production deployment.
[INFO ] 2020-05-04T20:10:47,397Z [main] internal.Node. - Node starting up ...
[INFO ] 2020-05-04T20:10:47,981Z [main] internal.NodeFlowManager. - Registered net.corda.examples.yo.flows.YoFlow to initiate net.corda.examples.yo.flows.YoFlowResponder (version 1)
[INFO ] 2020-05-04T20:10:48,404Z [main] internal.Node. - Binding Shell SSHD server on port 2223.
[INFO ] 2020-05-04T20:10:48,439Z [main] internal.Node. - Setting unsafe users as: [user1]
[INFO ] 2020-05-04T20:10:48,599Z [main] shell.InteractiveShell. - launchShell: User=internalShell perm=[]
[INFO ] 2020-05-04T20:10:48,599Z [main] shell.InteractiveShell. - Shell: PermitExit= true, UNSAFELOCAL=false
[INFO ] 2020-05-04T20:10:48,997Z [main] plugin.PluginManager. - Loaded plugin Plugin[type=SSHPlugin,interface=SSHPlugin]
[INFO ] 2020-05-04T20:10:48,999Z [main] plugin.PluginManager. - Loaded plugin Plugin[type=SSHInlinePlugin,interface=CommandPlugin]
[INFO ] 2020-05-04T20:10:49,012Z [main] plugin.PluginManager. - Loaded plugin Plugin[type=KeyAuthenticationPlugin,interface=KeyAuthenticationPlugin]
[INFO ] 2020-05-04T20:10:49,015Z [main] plugin.PluginManager. - Loaded plugin Plugin[type=CRaSHShellFactory,interface=ShellFactory]
[INFO ] 2020-05-04T20:10:49,031Z [main] plugin.PluginManager. - Loaded plugin Plugin[type=GroovyLanguageProxy,interface=Language]
[INFO ] 2020-05-04T20:10:49,033Z [main] plugin.PluginManager. - Loaded plugin Plugin[type=JavaLanguage,interface=Language]
[INFO ] 2020-05-04T20:10:49,044Z [main] plugin.PluginManager. - Loaded plugin Plugin[type=ScriptLanguage,interface=Language]
[INFO ] 2020-05-04T20:10:49,047Z [main] plugin.PluginManager. - Loaded plugin Plugin[type=JaasAuthenticationPlugin,interface=AuthenticationPlugin]
[INFO ] 2020-05-04T20:10:49,049Z [main] plugin.PluginManager. - Loaded plugin Plugin[type=SimpleAuthenticationPlugin,interface=AuthenticationPlugin]
[INFO ] 2020-05-04T20:10:49,087Z [main] shell.InteractiveShell$ShellLifecycle. - Configuring property ssh.port=2223 from properties
[INFO ] 2020-05-04T20:10:49,088Z [main] shell.InteractiveShell$ShellLifecycle. - Configuring property ssh.keypath=/app/ssh/hostkey.pem from properties
[INFO ] 2020-05-04T20:10:49,088Z [main] shell.InteractiveShell$ShellLifecycle. - Configuring property ssh.keygen=true from properties
[INFO ] 2020-05-04T20:10:49,089Z [main] shell.InteractiveShell$ShellLifecycle. - Configuring property auth=corda from properties
[INFO ] 2020-05-04T20:10:49,386Z [main] eddsa.EdDSASecurityProviderRegistrar. - getOrCreateProvider(EdDSA) created instance of net.i2p.crypto.eddsa.EdDSASecurityProvider
[INFO ] 2020-05-04T20:10:49,533Z [main] plugin.PluginManager. - Initialized plugin Plugin[type=KeyAuthenticationPlugin,interface=KeyAuthenticationPlugin]
[INFO ] 2020-05-04T20:10:49,533Z [main] plugin.PluginManager. - Initialized plugin Plugin[type=JaasAuthenticationPlugin,interface=AuthenticationPlugin]
[INFO ] 2020-05-04T20:10:49,533Z [main] plugin.PluginManager. - Initialized plugin Plugin[type=SimpleAuthenticationPlugin,interface=AuthenticationPlugin]
[INFO ] 2020-05-04T20:10:49,533Z [main] plugin.PluginManager. - Initialized plugin Plugin[type=CordaAuthenticationPlugin,interface=AuthenticationPlugin]
[INFO ] 2020-05-04T20:10:49,534Z [main] ssh.SSHPlugin. - Booting SSHD
[INFO ] 2020-05-04T20:10:49,648Z [main] plugin.PluginManager. - Initialized plugin Plugin[type=GroovyLanguageProxy,interface=Language]
[INFO ] 2020-05-04T20:10:49,648Z [main] plugin.PluginManager. - Initialized plugin Plugin[type=ScriptLanguage,interface=Language]
[INFO ] 2020-05-04T20:10:49,753Z [main] plugin.PluginManager. - Initialized plugin Plugin[type=CRaSHShellFactory,interface=ShellFactory]
[INFO ] 2020-05-04T20:10:50,564Z [main] term.SSHLifeCycle. - About to start CRaSSHD
[INFO ] 2020-05-04T20:10:50,620Z [main] io.DefaultIoServiceFactoryFactory. - No detected/configured IoServiceFactoryFactory using Nio2ServiceFactoryFactory
[INFO ] 2020-05-04T20:10:50,822Z [main] term.SSHLifeCycle. - CRaSSHD started on port 2223
[INFO ] 2020-05-04T20:10:50,823Z [main] plugin.PluginManager. - Initialized plugin Plugin[type=SSHPlugin,interface=SSHPlugin]
[INFO ] 2020-05-04T20:10:50,823Z [main] plugin.PluginManager. - Initialized plugin Plugin[type=SSHInlinePlugin,interface=CommandPlugin]
[INFO ] 2020-05-04T20:10:50,823Z [main] plugin.PluginManager. - Initialized plugin Plugin[type=CordaDisconnectPlugin,interface=DisconnectPlugin]
[INFO ] 2020-05-04T20:10:59,331Z [main] internal.Node. - Loaded network parameters: NetworkParameters {
      minimumPlatformVersion=6
      notaries=[NotaryInfo(identity=O=Notary, L=London, C=GB, validating=false)]
      maxMessageSize=10485760
      maxTransactionSize=524288000
      whitelistedContractImplementations {
        
      }
      eventHorizon=PT720H
      packageOwnership {
        
      }
      modifiedTime=2020-05-04T20:06:29.903Z
      epoch=1
  }
[INFO ] 2020-05-04T20:10:59,482Z [main] hikari.HikariDataSource. - HikariPool-1 - Starting...
[INFO ] 2020-05-04T20:11:00,492Z [main] hikari.HikariDataSource. - HikariPool-1 - Start completed.
[INFO ] 2020-05-04T20:11:10,688Z [main] jvm.JdbcExecutor. - SELECT MD5SUM FROM PUBLIC.DATABASECHANGELOG WHERE MD5SUM IS NOT NULL
[INFO ] 2020-05-04T20:11:10,699Z [main] jvm.JdbcExecutor. - SELECT COUNT(*) FROM PUBLIC.DATABASECHANGELOG
[INFO ] 2020-05-04T20:11:10,701Z [main] changelog.StandardChangeLogHistoryService. - Reading from PUBLIC.DATABASECHANGELOG
[INFO ] 2020-05-04T20:11:10,706Z [main] jvm.JdbcExecutor. - SELECT * FROM PUBLIC.DATABASECHANGELOG ORDER BY DATEEXECUTED ASC, ORDEREXECUTED ASC
[INFO ] 2020-05-04T20:11:10,794Z [main] jvm.JdbcExecutor. - SELECT COUNT(*) FROM PUBLIC.DATABASECHANGELOGLOCK
[INFO ] 2020-05-04T20:11:10,795Z [main] jvm.JdbcExecutor. - SELECT COUNT(*) FROM PUBLIC.DATABASECHANGELOGLOCK
[INFO ] 2020-05-04T20:11:11,217Z [main] jvm.JdbcExecutor. - SELECT LOCKED FROM PUBLIC.DATABASECHANGELOGLOCK WHERE ID=1
[INFO ] 2020-05-04T20:11:11,275Z [main] lockservice.StandardLockService. - Successfully acquired change log lock
[INFO ] 2020-05-04T20:11:11,322Z [main] lockservice.StandardLockService. - Successfully released change log lock
[INFO ] 2020-05-04T20:11:11,509Z [main] internal.Node. - Connected to H2 database.
[INFO ] 2020-05-04T20:11:11,688Z [main] persistence.HibernateConfiguration. - Init HibernateConfiguration for schemas: [CommonSchemaV1(name=net.corda.core.schemas.CommonSchema, version=1), VaultSchemaV1(name=net.corda.node.services.vault.VaultSchema, version=1), NodeInfoSchemaV1(name=net.corda.node.internal.schemas.NodeInfoSchema, version=1), NodeCoreV1(name=net.corda.node.services.schema.NodeSchemaService$NodeCore, version=1)]
[INFO ] 2020-05-04T20:11:11,694Z [main] persistence.HibernateConfiguration. - Creating session factory for schemas: [CommonSchemaV1(name=net.corda.core.schemas.CommonSchema, version=1), VaultSchemaV1(name=net.corda.node.services.vault.VaultSchema, version=1), NodeInfoSchemaV1(name=net.corda.node.internal.schemas.NodeInfoSchema, version=1), NodeCoreV1(name=net.corda.node.services.schema.NodeSchemaService$NodeCore, version=1)]
[INFO ] 2020-05-04T20:11:18,143Z [main] persistence.HibernateConfiguration. - Created session factory for schemas: [CommonSchemaV1(name=net.corda.core.schemas.CommonSchema, version=1), VaultSchemaV1(name=net.corda.node.services.vault.VaultSchema, version=1), NodeInfoSchemaV1(name=net.corda.node.internal.schemas.NodeInfoSchema, version=1), NodeCoreV1(name=net.corda.node.services.schema.NodeSchemaService$NodeCore, version=1)]
[INFO ] 2020-05-04T20:11:21,141Z [main] network.NetworkMapUpdater. - Auto-accept enabled for network parameter changes which modify only: [epoch, modifiedTime, packageOwnership, whitelistedContractImplementations]
[INFO ] 2020-05-04T20:11:21,334Z [main] security.RPCSecurityManagerImpl. - Constructing realm from list of users in config [User(user1, permissions=[ALL])]
[INFO ] 2020-05-04T20:11:21,415Z [RxIoScheduler-2] network.PersistentNetworkMapCache. - Adding node with info: NodeInfo(addresses=[localhost:10002], legalIdentitiesAndCerts=[O=Notary, L=London, C=GB], platformVersion=6, serial=1588622785941)
[INFO ] 2020-05-04T20:11:21,520Z [RxIoScheduler-2] network.PersistentNetworkMapCache. - No previous node found for O=Notary, L=London, C=GB
[INFO ] 2020-05-04T20:11:22,409Z [RxIoScheduler-2] network.PersistentNetworkMapCache. - Adding node with info: NodeInfo(addresses=[localhost:10005], legalIdentitiesAndCerts=[O=PartyA, L=London, C=GB], platformVersion=6, serial=1588622785866)
[INFO ] 2020-05-04T20:11:22,440Z [RxIoScheduler-2] network.PersistentNetworkMapCache. - Previous node was identical to incoming one - doing nothing
[INFO ] 2020-05-04T20:11:22,443Z [RxIoScheduler-2] network.PersistentNetworkMapCache. - Adding node with info: NodeInfo(addresses=[localhost:10008], legalIdentitiesAndCerts=[O=PartyB, L=New York, C=US], platformVersion=6, serial=1588622781718)
[INFO ] 2020-05-04T20:11:22,448Z [RxIoScheduler-2] network.PersistentNetworkMapCache. - No previous node found for O=PartyB, L=New York, C=US
[INFO ] 2020-05-04T20:11:22,708Z [main] BasicInfo. - Advertised P2P messaging addresses      : localhost:10005
[INFO ] 2020-05-04T20:11:22,747Z [main] BasicInfo. - RPC connection address                  : localhost:10006
[INFO ] 2020-05-04T20:11:22,747Z [main] BasicInfo. - RPC admin connection address            : localhost:10046
[INFO ] 2020-05-04T20:11:25,644Z [main] messaging.ArtemisMessagingServer. - P2P messaging server listening on 0.0.0.0:10005
[INFO ] 2020-05-04T20:11:26,717Z [main] internal.ArtemisMessagingClient. - Connecting to message broker: localhost:10005
[INFO ] 2020-05-04T20:11:28,430Z [main] internal.ArtemisMessagingClient. - Connecting to message broker: localhost:10005
[INFO ] 2020-05-04T20:11:28,981Z [main] messaging.P2PMessagingClient. - Connecting to message broker: localhost:10005
[INFO ] 2020-05-04T20:11:29,239Z [main] messaging.P2PMessagingClient. - Create fresh queue p2p.inbound.DLHwyWdt1gFJZRRVbD26BznaxNWexo7JrMQtMZbMLp3Bpu bound on same address
[INFO ] 2020-05-04T20:11:29,604Z [Thread-3 (ActiveMQ-client-global-threads)] bridging.BridgeControlListener. - Received bridge control message NodeToBridgeSnapshot(nodeIdentity=O=PartyA, L=London, C=GB, inboxQueues=[p2p.inbound.DLHwyWdt1gFJZRRVbD26BznaxNWexo7JrMQtMZbMLp3Bpu], sendQueues=[])
[INFO ] 2020-05-04T20:11:29,920Z [main] ClassloaderUtils. - Contracts loading for '/tmp/attachment3036440717729093870.jar' took 105 msec
[INFO ] 2020-05-04T20:11:30,025Z [main] persistence.NodeAttachmentService. - Stored new attachment: id=0B04C2DA9CF764A566D8AD330087CCE0DEA407621128EFD9CC538C9EC9368968 uploader=app filename=yo CorDapp
[INFO ] 2020-05-04T20:11:32,456Z [main] statemachine.SingleThreadedStateMachineManager. - Node ready, info: NodeInfo(addresses=[localhost:10005], legalIdentitiesAndCerts=[O=PartyA, L=London, C=GB], platformVersion=6, serial=1588622785866)
[INFO ] 2020-05-04T20:11:32,776Z [main] BasicInfo. - Loaded 2 CorDapp(s)                     : Contract CorDapp: yo CorDapp version 1 by vendor Corda Open Source with licence Apache License, Version 2.0, Workflow CorDapp: yo Flows version 1 by vendor Corda Open Source with licence Apache License, Version 2.0
[INFO ] 2020-05-04T20:11:32,777Z [Node thread-1] internal.Node. - Registering JMX reporter:
[INFO ] 2020-05-04T20:11:32,796Z [Node thread-1] internal.Node. - Registering Jolokia JMX reporter:
[INFO ] 2020-05-04T20:11:32,813Z [main] BasicInfo. - Node for "PartyA" started up and registered in 61.5 sec
[INFO ] 2020-05-04T20:11:32,813Z [main] BasicInfo. - SSH server listening on port            : 2223
[INFO ] 2020-05-04T20:11:32,820Z [main] rpc.RPCServer. - Starting RPC server with configuration RPCServerConfiguration(rpcThreadPoolSize=4, reapInterval=PT1S, deduplicationCacheExpiry=PT24H)
[INFO ] 2020-05-04T20:11:33,083Z [main] BasicInfo. - Running P2PMessaging loop
[INFO ] 2020-05-04T20:14:23,467Z [sshd-SshServer[4baf997](port=2223)-nio2-thread-1] internal.RPCClient. - Startup took 591 msec
[INFO ] 2020-05-04T20:14:23,489Z [sshd-SshServer[4baf997](port=2223)-nio2-thread-1] session.ServerSessionImpl. - Session user1@/172.22.0.1:51050 authenticated
[INFO ] 2020-05-04T20:14:26,958Z [pool-10-thread-1] shell.FlowShellCommand. - Executing command "flow list".
[INFO ] 2020-05-04T20:14:42,118Z [pool-10-thread-3] shell.FlowShellCommand. - Executing command "flow start net.corda.examples.yo.flows.YoFlow target: PartyB",
[INFO ] 2020-05-04T20:14:44,557Z [Node thread-1] corda.flow. - No need to notarise this transaction. {actor_id=user1, actor_owning_identity=O=PartyA, L=London, C=GB, actor_store_id=NODE_CONFIG, fiber-id=10000001, flow-id=1f4da543-a0b2-47dc-8904-e7e7f67e534f, invocation_id=00f7c043-e826-43ac-a5de-ce449dc51fe8, invocation_timestamp=2020-05-04T20:14:42.650Z, origin=user1, session_id=d2a08f6d-c82f-4d6a-b8d7-c4792ccd5625, session_timestamp=2020-05-04T20:14:22.885Z, thread-id=129, tx_id=312C7F4EE342A77A3ECDEF9DDB2FEC3642F42AF5DF3216435417376536E4034B}
[INFO ] 2020-05-04T20:14:44,557Z [Node thread-1] corda.flow. - Recording transaction locally. {actor_id=user1, actor_owning_identity=O=PartyA, L=London, C=GB, actor_store_id=NODE_CONFIG, fiber-id=10000001, flow-id=1f4da543-a0b2-47dc-8904-e7e7f67e534f, invocation_id=00f7c043-e826-43ac-a5de-ce449dc51fe8, invocation_timestamp=2020-05-04T20:14:42.650Z, origin=user1, session_id=d2a08f6d-c82f-4d6a-b8d7-c4792ccd5625, session_timestamp=2020-05-04T20:14:22.885Z, thread-id=129, tx_id=312C7F4EE342A77A3ECDEF9DDB2FEC3642F42AF5DF3216435417376536E4034B}
[INFO ] 2020-05-04T20:14:44,916Z [Node thread-1] corda.flow. - Recorded transaction locally successfully. {actor_id=user1, actor_owning_identity=O=PartyA, L=London, C=GB, actor_store_id=NODE_CONFIG, fiber-id=10000001, flow-id=1f4da543-a0b2-47dc-8904-e7e7f67e534f, invocation_id=00f7c043-e826-43ac-a5de-ce449dc51fe8, invocation_timestamp=2020-05-04T20:14:42.650Z, origin=user1, session_id=d2a08f6d-c82f-4d6a-b8d7-c4792ccd5625, session_timestamp=2020-05-04T20:14:22.885Z, thread-id=129, tx_id=312C7F4EE342A77A3ECDEF9DDB2FEC3642F42AF5DF3216435417376536E4034B}
[INFO ] 2020-05-04T20:14:45,415Z [Node thread-1] messaging.P2PMessagingClient. - Create fresh queue internal.peers.DL3KLnoG9EUPLsgPqSnpXb7StwuMKpLX1c8TkyjtFbCE5A bound on same address {actor_id=user1, actor_owning_identity=O=PartyA, L=London, C=GB, actor_store_id=NODE_CONFIG, fiber-id=10000001, flow-id=1f4da543-a0b2-47dc-8904-e7e7f67e534f, invocation_id=00f7c043-e826-43ac-a5de-ce449dc51fe8, invocation_timestamp=2020-05-04T20:14:42.650Z, origin=user1, session_id=d2a08f6d-c82f-4d6a-b8d7-c4792ccd5625, session_timestamp=2020-05-04T20:14:22.885Z, thread-id=129, tx_id=312C7F4EE342A77A3ECDEF9DDB2FEC3642F42AF5DF3216435417376536E4034B}
[INFO ] 2020-05-04T20:14:45,655Z [Thread-24 (ActiveMQ-client-global-threads)] bridging.BridgeControlListener. - Received bridge control message Create(nodeIdentity=O=PartyA, L=London, C=GB, bridgeInfo=BridgeEntry(queueName=internal.peers.DL3KLnoG9EUPLsgPqSnpXb7StwuMKpLX1c8TkyjtFbCE5A, targets=[localhost:10008], legalNames=[O=PartyB, L=New York, C=US]))
[INFO ] 2020-05-04T20:14:45,731Z [Thread-24 (ActiveMQ-client-global-threads)] bridging.AMQPBridgeManager$AMQPBridge. - Create new AMQP bridge {legalNames=O=PartyB, L=New York, C=US, maxMessageSize=10485760, queueName=internal.peers.DL3KLnoG9EUPLsgPqSnpXb7StwuMKpLX1c8TkyjtFbCE5A, targets=localhost:10008}
[INFO ] 2020-05-04T20:14:45,733Z [Thread-24 (ActiveMQ-client-global-threads)] netty.AMQPClient. - connect to: localhost:10008
[INFO ] 2020-05-04T20:14:45,860Z [nioEventLoopGroup-2-1] netty.AMQPClient. - Failed to connect to localhost:10008
[INFO ] 2020-05-04T20:14:46,865Z [nioEventLoopGroup-2-2] netty.AMQPClient. - Retry connect to localhost:10008
[INFO ] 2020-05-04T20:14:46,877Z [nioEventLoopGroup-2-3] netty.AMQPClient. - Failed to connect to localhost:10008
[INFO ] 2020-05-04T20:14:48,844Z [nioEventLoopGroup-2-4] netty.AMQPClient. - Retry connect to localhost:10008
[INFO ] 2020-05-04T20:14:48,853Z [nioEventLoopGroup-2-5] netty.AMQPClient. - Failed to connect to localhost:10008
[INFO ] 2020-05-04T20:14:52,857Z [nioEventLoopGroup-2-6] netty.AMQPClient. - Retry connect to localhost:10008
[INFO ] 2020-05-04T20:14:52,864Z [nioEventLoopGroup-2-7] netty.AMQPClient. - Failed to connect to localhost:10008
[INFO ] 2020-05-04T20:15:00,871Z [nioEventLoopGroup-2-8] netty.AMQPClient. - Retry connect to localhost:10008
[INFO ] 2020-05-04T20:15:00,879Z [nioEventLoopGroup-2-1] netty.AMQPClient. - Failed to connect to localhost:10008
[INFO ] 2020-05-04T20:15:16,890Z [nioEventLoopGroup-2-2] netty.AMQPClient. - Retry connect to localhost:10008
[INFO ] 2020-05-04T20:15:16,898Z [nioEventLoopGroup-2-3] netty.AMQPClient. - Failed to connect to localhost:10008
[INFO ] 2020-05-04T20:15:26,394Z [rpc-server-handler-pool-2] statemachine.SingleThreadedStateMachineManager. - Killing flow [1f4da543-a0b2-47dc-8904-e7e7f67e534f] known to this node. {actor_id=user1, actor_owning_identity=O=PartyA, L=London, C=GB, actor_store_id=NODE_CONFIG, invocation_id=cbd093ae-ebaa-4e9a-92e1-9d4919307120, invocation_timestamp=2020-05-04T20:15:26.393Z, origin=user1, session_id=d2a08f6d-c82f-4d6a-b8d7-c4792ccd5625, session_timestamp=2020-05-04T20:14:22.885Z}
[ERROR] 2020-05-04T20:15:26,394Z [Node thread-1] corda.flow. - Flow interrupted while waiting for events, aborting immediately {actor_id=user1, actor_owning_identity=O=PartyA, L=London, C=GB, actor_store_id=NODE_CONFIG, fiber-id=10000001, flow-id=1f4da543-a0b2-47dc-8904-e7e7f67e534f, invocation_id=00f7c043-e826-43ac-a5de-ce449dc51fe8, invocation_timestamp=2020-05-04T20:14:42.650Z, origin=user1, session_id=d2a08f6d-c82f-4d6a-b8d7-c4792ccd5625, session_timestamp=2020-05-04T20:14:22.885Z, thread-id=129, tx_id=312C7F4EE342A77A3ECDEF9DDB2FEC3642F42AF5DF3216435417376536E4034B}
[INFO ] 2020-05-04T20:15:31,643Z [pool-10-thread-4] shell.FlowShellCommand. - Executing command "flow start net.corda.examples.yo.flows.YoFlow target: FAKE",
[INFO ] 2020-05-04T20:15:35,290Z [pool-10-thread-5] shell.FlowShellCommand. - Executing command "flow start net.corda.examples.yo.flows.YoFlow target: PartyB",
[INFO ] 2020-05-04T20:15:35,446Z [Node thread-1] corda.flow. - No need to notarise this transaction. {actor_id=user1, actor_owning_identity=O=PartyA, L=London, C=GB, actor_store_id=NODE_CONFIG, fiber-id=10000002, flow-id=543eefed-72d0-422d-9fb8-cc3552fca81b, invocation_id=06ce3ca6-0ce0-4bda-ad7d-56cd049d8c17, invocation_timestamp=2020-05-04T20:15:35.321Z, origin=user1, session_id=d2a08f6d-c82f-4d6a-b8d7-c4792ccd5625, session_timestamp=2020-05-04T20:14:22.885Z, thread-id=129, tx_id=AA17DDED6BDB81A8808AAC23F3AC84F06510A68FBE2AB91E4659AA0AE1949F32}
[INFO ] 2020-05-04T20:15:35,446Z [Node thread-1] corda.flow. - Recording transaction locally. {actor_id=user1, actor_owning_identity=O=PartyA, L=London, C=GB, actor_store_id=NODE_CONFIG, fiber-id=10000002, flow-id=543eefed-72d0-422d-9fb8-cc3552fca81b, invocation_id=06ce3ca6-0ce0-4bda-ad7d-56cd049d8c17, invocation_timestamp=2020-05-04T20:15:35.321Z, origin=user1, session_id=d2a08f6d-c82f-4d6a-b8d7-c4792ccd5625, session_timestamp=2020-05-04T20:14:22.885Z, thread-id=129, tx_id=AA17DDED6BDB81A8808AAC23F3AC84F06510A68FBE2AB91E4659AA0AE1949F32}
[INFO ] 2020-05-04T20:15:35,454Z [Node thread-1] corda.flow. - Recorded transaction locally successfully. {actor_id=user1, actor_owning_identity=O=PartyA, L=London, C=GB, actor_store_id=NODE_CONFIG, fiber-id=10000002, flow-id=543eefed-72d0-422d-9fb8-cc3552fca81b, invocation_id=06ce3ca6-0ce0-4bda-ad7d-56cd049d8c17, invocation_timestamp=2020-05-04T20:15:35.321Z, origin=user1, session_id=d2a08f6d-c82f-4d6a-b8d7-c4792ccd5625, session_timestamp=2020-05-04T20:14:22.885Z, thread-id=129, tx_id=AA17DDED6BDB81A8808AAC23F3AC84F06510A68FBE2AB91E4659AA0AE1949F32}
[INFO ] 2020-05-04T20:15:48,860Z [nioEventLoopGroup-2-4] netty.AMQPClient. - Retry connect to localhost:10008
[INFO ] 2020-05-04T20:15:48,876Z [nioEventLoopGroup-2-5] netty.AMQPClient. - Failed to connect to localhost:10008
[INFO ] 2020-05-04T20:16:48,868Z [nioEventLoopGroup-2-6] netty.AMQPClient. - Retry connect to localhost:10008
[INFO ] 2020-05-04T20:16:48,876Z [nioEventLoopGroup-2-7] netty.AMQPClient. - Failed to connect to localhost:10008
[INFO ] 2020-05-04T20:17:32,081Z [pool-14-thread-1] statemachine.FlowMonitor. - Flow with id 543eefed-72d0-422d-9fb8-cc3552fca81b has been waiting for 116 seconds to receive messages from parties [O=PartyB, L=New York, C=US].
[INFO ] 2020-05-04T20:17:48,810Z [nioEventLoopGroup-2-8] netty.AMQPClient. - Retry connect to localhost:10008
[INFO ] 2020-05-04T20:17:48,815Z [nioEventLoopGroup-2-1] netty.AMQPClient. - Failed to connect to localhost:10008
[INFO ] 2020-05-04T20:18:32,002Z [pool-14-thread-1] statemachine.FlowMonitor. - Flow with id 543eefed-72d0-422d-9fb8-cc3552fca81b has been waiting for 176 seconds to receive messages from parties [O=PartyB, L=New York, C=US].
[INFO ] 2020-05-04T20:18:48,793Z [nioEventLoopGroup-2-2] netty.AMQPClient. - Retry connect to localhost:10008
[INFO ] 2020-05-04T20:18:48,800Z [nioEventLoopGroup-2-3] netty.AMQPClient. - Failed to connect to localhost:10008
[INFO ] 2020-05-04T20:19:31,934Z [pool-14-thread-1] statemachine.FlowMonitor. - Flow with id 543eefed-72d0-422d-9fb8-cc3552fca81b has been waiting for 236 seconds to receive messages from parties [O=PartyB, L=New York, C=US].
[INFO ] 2020-05-04T20:19:48,782Z [nioEventLoopGroup-2-4] netty.AMQPClient. - Retry connect to localhost:10008
[INFO ] 2020-05-04T20:19:48,787Z [nioEventLoopGroup-2-5] netty.AMQPClient. - Failed to connect to localhost:10008
[INFO ] 2020-05-04T20:20:31,866Z [pool-14-thread-1] statemachine.FlowMonitor. - Flow with id 543eefed-72d0-422d-9fb8-cc3552fca81b has been waiting for 296 seconds to receive messages from parties [O=PartyB, L=New York, C=US].
[INFO ] 2020-05-04T20:20:48,771Z [nioEventLoopGroup-2-6] netty.AMQPClient. - Retry connect to localhost:10008
[INFO ] 2020-05-04T20:20:48,777Z [nioEventLoopGroup-2-7] netty.AMQPClient. - Failed to connect to localhost:10008
[INFO ] 2020-05-04T20:21:31,798Z [pool-14-thread-1] statemachine.FlowMonitor. - Flow with id 543eefed-72d0-422d-9fb8-cc3552fca81b has been waiting for 356 seconds to receive messages from parties [O=PartyB, L=New York, C=US].
[INFO ] 2020-05-04T20:21:48,765Z [nioEventLoopGroup-2-8] netty.AMQPClient. - Retry connect to localhost:10008
[INFO ] 2020-05-04T20:21:48,770Z [nioEventLoopGroup-2-1] netty.AMQPClient. - Failed to connect to localhost:10008
[INFO ] 2020-05-04T20:22:12,912Z [rpc-server-handler-pool-0] statemachine.SingleThreadedStateMachineManager. - Killing flow [543eefed-72d0-422d-9fb8-cc3552fca81b] known to this node. {actor_id=user1, actor_owning_identity=O=PartyA, L=London, C=GB, actor_store_id=NODE_CONFIG, invocation_id=2f2e9afb-1e3b-4b68-8f10-10ab002a2dd4, invocation_timestamp=2020-05-04T20:22:12.911Z, origin=user1, session_id=d2a08f6d-c82f-4d6a-b8d7-c4792ccd5625, session_timestamp=2020-05-04T20:14:22.885Z}
[ERROR] 2020-05-04T20:22:12,913Z [Node thread-1] corda.flow. - Flow interrupted while waiting for events, aborting immediately {actor_id=user1, actor_owning_identity=O=PartyA, L=London, C=GB, actor_store_id=NODE_CONFIG, fiber-id=10000002, flow-id=543eefed-72d0-422d-9fb8-cc3552fca81b, invocation_id=06ce3ca6-0ce0-4bda-ad7d-56cd049d8c17, invocation_timestamp=2020-05-04T20:15:35.321Z, origin=user1, session_id=d2a08f6d-c82f-4d6a-b8d7-c4792ccd5625, session_timestamp=2020-05-04T20:14:22.885Z, thread-id=129, tx_id=AA17DDED6BDB81A8808AAC23F3AC84F06510A68FBE2AB91E4659AA0AE1949F32}
[INFO ] 2020-05-04T20:22:14,757Z [pool-10-thread-6] shell.FlowShellCommand. - Executing command "flow list".
[INFO ] 2020-05-04T20:22:48,762Z [nioEventLoopGroup-2-2] netty.AMQPClient. - Retry connect to localhost:10008
[INFO ] 2020-05-04T20:22:48,769Z [nioEventLoopGroup-2-3] netty.AMQPClient. - Failed to connect to localhost:10008
[INFO ] 2020-05-04T20:23:48,740Z [nioEventLoopGroup-2-4] netty.AMQPClient. - Retry connect to localhost:10008
[INFO ] 2020-05-04T20:23:48,745Z [nioEventLoopGroup-2-5] netty.AMQPClient. - Failed to connect to localhost:10008
[INFO ] 2020-05-04T20:24:48,724Z [nioEventLoopGroup-2-6] netty.AMQPClient. - Retry connect to localhost:10008
[INFO ] 2020-05-04T20:24:48,737Z [nioEventLoopGroup-2-7] netty.AMQPClient. - Failed to connect to localhost:10008
[INFO ] 2020-05-04T20:25:48,719Z [nioEventLoopGroup-2-8] netty.AMQPClient. - Retry connect to localhost:10008
[INFO ] 2020-05-04T20:25:48,725Z [nioEventLoopGroup-2-1] netty.AMQPClient. - Failed to connect to localhost:10008
[INFO ] 2020-05-04T20:26:48,715Z [nioEventLoopGroup-2-2] netty.AMQPClient. - Retry connect to localhost:10008
[INFO ] 2020-05-04T20:26:48,721Z [nioEventLoopGroup-2-3] netty.AMQPClient. - Failed to connect to localhost:10008
[INFO ] 2020-05-04T20:27:48,690Z [nioEventLoopGroup-2-4] netty.AMQPClient. - Retry connect to localhost:10008
[INFO ] 2020-05-04T20:27:48,696Z [nioEventLoopGroup-2-5] netty.AMQPClient. - Failed to connect to localhost:10008
[INFO ] 2020-05-04T20:28:48,658Z [nioEventLoopGroup-2-6] netty.AMQPClient. - Retry connect to localhost:10008
[INFO ] 2020-05-04T20:28:48,662Z [nioEventLoopGroup-2-7] netty.AMQPClient. - Failed to connect to localhost:10008
[INFO ] 2020-05-04T20:29:48,654Z [nioEventLoopGroup-2-8] netty.AMQPClient. - Retry connect to localhost:10008
[INFO ] 2020-05-04T20:29:48,659Z [nioEventLoopGroup-2-1] netty.AMQPClient. - Failed to connect to localhost:10008
[INFO ] 2020-05-04T20:30:48,605Z [nioEventLoopGroup-2-2] netty.AMQPClient. - Retry connect to localhost:10008
[INFO ] 2020-05-04T20:30:48,611Z [nioEventLoopGroup-2-3] netty.AMQPClient. - Failed to connect to localhost:10008
[INFO ] 2020-05-04T20:31:48,601Z [nioEventLoopGroup-2-4] netty.AMQPClient. - Retry connect to localhost:10008
[INFO ] 2020-05-04T20:31:48,607Z [nioEventLoopGroup-2-5] netty.AMQPClient. - Failed to connect to localhost:10008
[INFO ] 2020-05-04T20:32:21,290Z [sshd-SshServer[4baf997](port=2223)-timer-thread-1] session.ServerSessionImpl. - Disconnecting(ServerSessionImpl[user1@/172.22.0.1:51050]): SSH2_DISCONNECT_PROTOCOL_ERROR - Detected IdleTimeout after 600344/600000 ms.
[INFO ] 2020-05-04T20:32:21,430Z [Thread-50 (ActiveMQ-client-global-threads)] rpc.RPCServer. - Detected RPC client disconnect on address rpc.client.user1.3863285296441409135, scheduling for reaping
[INFO ] 2020-05-04T20:32:21,477Z [sshd-SshServer[4baf997](port=2223)-timer-thread-1] term.CRaSHCommand. - Session user1@/172.22.0.1:51050 disconnected
[INFO ] 2020-05-04T20:32:48,578Z [nioEventLoopGroup-2-6] netty.AMQPClient. - Retry connect to localhost:10008
[INFO ] 2020-05-04T20:32:48,583Z [nioEventLoopGroup-2-7] netty.AMQPClient. - Failed to connect to localhost:10008
[INFO ] 2020-05-04T20:33:48,562Z [nioEventLoopGroup-2-8] netty.AMQPClient. - Retry connect to localhost:10008
[INFO ] 2020-05-04T20:33:48,568Z [nioEventLoopGroup-2-1] netty.AMQPClient. - Failed to connect to localhost:10008
[INFO ] 2020-05-04T20:34:48,546Z [nioEventLoopGroup-2-2] netty.AMQPClient. - Retry connect to localhost:10008
[INFO ] 2020-05-04T20:34:48,551Z [nioEventLoopGroup-2-3] netty.AMQPClient. - Failed to connect to localhost:10008
[INFO ] 2020-05-04T20:35:48,538Z [nioEventLoopGroup-2-4] netty.AMQPClient. - Retry connect to localhost:10008
[INFO ] 2020-05-04T20:35:48,564Z [nioEventLoopGroup-2-5] netty.AMQPClient. - Failed to connect to localhost:10008
[INFO ] 2020-05-04T20:36:48,556Z [nioEventLoopGroup-2-6] netty.AMQPClient. - Retry connect to localhost:10008
[INFO ] 2020-05-04T20:36:48,561Z [nioEventLoopGroup-2-7] netty.AMQPClient. - Failed to connect to localhost:10008
[INFO ] 2020-05-04T20:37:48,554Z [nioEventLoopGroup-2-8] netty.AMQPClient. - Retry connect to localhost:10008
[INFO ] 2020-05-04T20:37:48,558Z [nioEventLoopGroup-2-1] netty.AMQPClient. - Failed to connect to localhost:10008
[INFO ] 2020-05-04T20:38:48,549Z [nioEventLoopGroup-2-2] netty.AMQPClient. - Retry connect to localhost:10008
[INFO ] 2020-05-04T20:38:48,553Z [nioEventLoopGroup-2-3] netty.AMQPClient. - Failed to connect to localhost:10008
[INFO ] 2020-05-04T20:39:48,544Z [nioEventLoopGroup-2-4] netty.AMQPClient. - Retry connect to localhost:10008
[INFO ] 2020-05-04T20:39:48,554Z [nioEventLoopGroup-2-5] netty.AMQPClient. - Failed to connect to localhost:10008
[INFO ] 2020-05-04T20:40:48,547Z [nioEventLoopGroup-2-6] netty.AMQPClient. - Retry connect to localhost:10008
[INFO ] 2020-05-04T20:40:48,590Z [nioEventLoopGroup-2-7] netty.AMQPClient. - Failed to connect to localhost:10008
[INFO ] 2020-05-04T20:41:48,582Z [nioEventLoopGroup-2-8] netty.AMQPClient. - Retry connect to localhost:10008
[INFO ] 2020-05-04T20:41:48,591Z [nioEventLoopGroup-2-1] netty.AMQPClient. - Failed to connect to localhost:10008
[INFO ] 2020-05-04T20:42:48,576Z [nioEventLoopGroup-2-2] netty.AMQPClient. - Retry connect to localhost:10008
[INFO ] 2020-05-04T20:42:48,582Z [nioEventLoopGroup-2-3] netty.AMQPClient. - Failed to connect to localhost:10008
[INFO ] 2020-05-04T20:43:48,573Z [nioEventLoopGroup-2-4] netty.AMQPClient. - Retry connect to localhost:10008
[INFO ] 2020-05-04T20:43:48,577Z [nioEventLoopGroup-2-5] netty.AMQPClient. - Failed to connect to localhost:10008
[INFO ] 2020-05-04T20:44:48,571Z [nioEventLoopGroup-2-6] netty.AMQPClient. - Retry connect to localhost:10008
[INFO ] 2020-05-04T20:44:48,584Z [nioEventLoopGroup-2-7] netty.AMQPClient. - Failed to connect to localhost:10008
[INFO ] 2020-05-04T20:45:48,519Z [nioEventLoopGroup-2-8] netty.AMQPClient. - Retry connect to localhost:10008
[INFO ] 2020-05-04T20:45:48,528Z [nioEventLoopGroup-2-1] netty.AMQPClient. - Failed to connect to localhost:10008
[INFO ] 2020-05-04T20:46:48,520Z [nioEventLoopGroup-2-2] netty.AMQPClient. - Retry connect to localhost:10008
[INFO ] 2020-05-04T20:46:48,525Z [nioEventLoopGroup-2-3] netty.AMQPClient. - Failed to connect to localhost:10008
[INFO ] 2020-05-04T20:47:48,494Z [nioEventLoopGroup-2-4] netty.AMQPClient. - Retry connect to localhost:10008
[INFO ] 2020-05-04T20:47:48,499Z [nioEventLoopGroup-2-5] netty.AMQPClient. - Failed to connect to localhost:10008
[INFO ] 2020-05-04T20:48:48,481Z [nioEventLoopGroup-2-6] netty.AMQPClient. - Retry connect to localhost:10008
[INFO ] 2020-05-04T20:48:48,485Z [nioEventLoopGroup-2-7] netty.AMQPClient. - Failed to connect to localhost:10008
[INFO ] 2020-05-04T20:49:48,478Z [nioEventLoopGroup-2-8] netty.AMQPClient. - Retry connect to localhost:10008
[INFO ] 2020-05-04T20:49:48,488Z [nioEventLoopGroup-2-1] netty.AMQPClient. - Failed to connect to localhost:10008
[INFO ] 2020-05-04T20:50:48,481Z [nioEventLoopGroup-2-2] netty.AMQPClient. - Retry connect to localhost:10008
[INFO ] 2020-05-04T20:50:48,489Z [nioEventLoopGroup-2-3] netty.AMQPClient. - Failed to connect to localhost:10008
[INFO ] 2020-05-04T20:51:48,473Z [nioEventLoopGroup-2-4] netty.AMQPClient. - Retry connect to localhost:10008
[INFO ] 2020-05-04T20:51:48,478Z [nioEventLoopGroup-2-5] netty.AMQPClient. - Failed to connect to localhost:10008
[INFO ] 2020-05-04T20:52:48,420Z [nioEventLoopGroup-2-6] netty.AMQPClient. - Retry connect to localhost:10008
[INFO ] 2020-05-04T20:52:48,425Z [nioEventLoopGroup-2-7] netty.AMQPClient. - Failed to connect to localhost:10008
[INFO ] 2020-05-04T20:53:48,415Z [nioEventLoopGroup-2-8] netty.AMQPClient. - Retry connect to localhost:10008
[INFO ] 2020-05-04T20:53:48,419Z [nioEventLoopGroup-2-1] netty.AMQPClient. - Failed to connect to localhost:10008
[INFO ] 2020-05-04T20:54:48,408Z [nioEventLoopGroup-2-2] netty.AMQPClient. - Retry connect to localhost:10008
[INFO ] 2020-05-04T20:54:48,412Z [nioEventLoopGroup-2-3] netty.AMQPClient. - Failed to connect to localhost:10008
[INFO ] 2020-05-04T20:55:48,390Z [nioEventLoopGroup-2-4] netty.AMQPClient. - Retry connect to localhost:10008
[INFO ] 2020-05-04T20:55:48,396Z [nioEventLoopGroup-2-5] netty.AMQPClient. - Failed to connect to localhost:10008
[INFO ] 2020-05-04T20:56:48,334Z [nioEventLoopGroup-2-6] netty.AMQPClient. - Retry connect to localhost:10008
[INFO ] 2020-05-04T20:56:48,338Z [nioEventLoopGroup-2-7] netty.AMQPClient. - Failed to connect to localhost:10008
[INFO ] 2020-05-04T20:57:48,325Z [nioEventLoopGroup-2-8] netty.AMQPClient. - Retry connect to localhost:10008
[INFO ] 2020-05-04T20:57:48,330Z [nioEventLoopGroup-2-1] netty.AMQPClient. - Failed to connect to localhost:10008
