[INFO ] 2020-06-26T17:42:46,564Z [main] cliutils.CordaCliWrapper. - Application Args: --base-directory /opt/corda --config-file /etc/corda/node.conf
[INFO ] 2020-06-26T17:42:49,747Z [main] manifests.Manifests. - 129 attributes loaded from 166 stream(s) in 384ms, 129 saved, 2610 ignored: ["ActiveMQ-Version", "Agent-Class", "Ant-Version", "Application-Class", "Application-ID", "Application-Library-Allowable-Codebase", "Application-Name", "Application-Version", "Apr-Version", "Archiver-Version", "Automatic-Module-Name", "Bnd-LastModified", "BoringSSL-Branch", "BoringSSL-Revision", "Branch", "Build-Date", "Build-Host", "Build-Id", "Build-Java-Version", "Build-Jdk", "Build-Jdk-Spec", "Build-Job", "Build-Number", "Build-Time", "Build-Timestamp", "Build-Version", "Built-By", "Built-OS", "Built-Status", "Bundle-Activator", "Bundle-Category", "Bundle-ClassPath", "Bundle-Description", "Bundle-DocURL", "Bundle-License", "Bundle-ManifestVersion", "Bundle-Name", "Bundle-NativeCode", "Bundle-RequiredExecutionEnvironment", "Bundle-SymbolicName", "Bundle-Vendor", "Bundle-Version", "Caller-Allowable-Codebase", "Can-Redefine-Classes", "Can-Retransform-Classes", "Can-Set-Native-Method-Prefix", "Caplets", "Change", "Class-Path", "Codebase", "Corda-DJVM-Dependencies", "Corda-Deterministic-Classpath", "Corda-Deterministic-Runtime", "Corda-Platform-Version", "Corda-Release-Version", "Corda-Revision", "Corda-Vendor", "Created-By", "DynamicImport-Package", "Eclipse-BuddyPolicy", "Eclipse-LazyStart", "Export-Package", "Extension-Name", "Fragment-Host", "Git-Revision", "Git-Url", "Gradle-Version", "Hibernate-JpaVersion", "Hibernate-VersionFamily", "Implementation-Build", "Implementation-Build-Date", "Implementation-Build-Id", "Implementation-Title", "Implementation-URL", "Implementation-Url", "Implementation-Vendor", "Implementation-Vendor-Id", "Implementation-Version", "Import-Package", "Include-Resource", "JCabi-Build", "JCabi-Date", "JCabi-Version", "JVM-Args", "Java-Agents", "Java-Vendor", "Java-Version", "Kotlin-Runtime-Component", "Kotlin-Version", "Liquibase-Package", "Log4jReleaseKey", "Log4jReleaseManager", "Log4jReleaseVersion", "Main-Class", "Main-class", "Major-Version", "Manifest-Version", "Min-Java-Version", "Min-Update-Version", "Module-Email", "Module-Origin", "Module-Owner", "Module-Source", "Multi-Release", "Originally-Created-By", "Os-Arch", "Os-Name", "Os-Version", "Permissions", "Premain-Class", "Private-Package", "Provide-Capability", "Require-Capability", "SCM-Revision", "SCM-url", "Scm-Connection", "Scm-Revision", "Scm-Url", "Sealed", "Service-Component", "Specification-Title", "Specification-Vendor", "Specification-Version", "System-Properties", "Tool", "Trusted-Library", "URL", "X-Compile-Source-JDK", "X-Compile-Target-JDK"]
[INFO ] 2020-06-26T17:42:49,928Z [main] BasicInfo. - Logs can be found in                    : /opt/corda/logs
[WARN ] 2020-06-26T17:42:52,633Z [main] internal.Node. - CORDA_ARGS (property or environment variable) cannot be mapped to an existing Corda config property and thus won't be used as a config override! It won't be passed as a config override! If that was the intention  double check the spelling and ensure there is such config key.
[INFO ] 2020-06-26T17:42:52,981Z [main] subcommands.ValidateConfigurationCli. - Actual configuration:
{
    "additionalNodeInfoPollingFrequencyMsec" : 5000,
    "additionalP2PAddresses" : [],
    "attachmentCacheBound" : 1024,
    "baseDirectory" : "/opt/corda",
    "blacklistedAttachmentSigningKeys" : [],
    "certificateChainCheckPolicies" : [],
    "cordappSignerKeyFingerprintBlacklist" : [
        "56CA54E803CB87C8472EBD3FBC6A2F1876E814CEEBF74860BD46997F40729367",
        "83088052AF16700457AE2C978A7D8AC38DD6A7C713539D00B897CD03A5E5D31D",
        "6F6696296C3F58B55FB6CA865A025A3A6CC27AD17C4AFABA1E8EF062E0A82739"
    ],
    "crlCheckSoftFail" : true,
    "dataSourceProperties" : "*****",
    "database" : {
        "exportHibernateJMXStatistics" : false,
        "initialiseAppSchema" : "UPDATE",
        "initialiseSchema" : true,
        "mappedSchemaCacheSize" : 100,
        "transactionIsolationLevel" : "REPEATABLE_READ"
    },
    "detectPublicIp" : false,
    "devMode" : true,
    "emailAddress" : "admin@company.com",
    "extraNetworkMapKeys" : [],
    "flowExternalOperationThreadPoolSize" : 4,
    "flowMonitorPeriodMillis" : {
        "nanos" : 0,
        "seconds" : 60
    },
    "flowMonitorSuspensionLoggingThresholdMillis" : {
        "nanos" : 0,
        "seconds" : 60
    },
    "flowTimeout" : {
        "backoffBase" : 1.8,
        "maxRestartCount" : 6,
        "timeout" : {
            "nanos" : 0,
            "seconds" : 30
        }
    },
    "jarDirs" : [],
    "jmxReporterType" : "JOLOKIA",
    "keyStorePassword" : "*****",
    "lazyBridgeStart" : true,
    "localShellAllowExitInSafeMode" : true,
    "localShellUnsafe" : false,
    "myLegalName" : "O=PartyA,L=London,C=GB",
    "networkParameterAcceptanceSettings" : {
        "autoAcceptEnabled" : true,
        "excludedAutoAcceptableParameters" : []
    },
    "noLocalShell" : false,
    "p2pAddress" : "partya:10002",
    "rpcSettings" : {
        "address" : "partya:10006",
        "adminAddress" : "partya:10046",
        "standAloneBroker" : false,
        "useSsl" : false
    },
    "rpcUsers" : [],
    "security" : {
        "authService" : {
            "dataSource" : {
                "passwordEncryption" : "NONE",
                "type" : "INMEMORY",
                "users" : [
                    {
                        "ignoresFallbacks" : false,
                        "resolved" : true,
                        "value" : {
                            "loadFactor" : 0.75,
                            "modCount" : 3,
                            "size" : 3,
                            "table" : {},
                            "threshold" : 3
                        }
                    }
                ]
            }
        }
    },
    "sshd" : {
        "port" : 2223
    },
    "trustStorePassword" : "*****",
    "useTestClock" : false,
    "verifierType" : "InMemory"
}

[INFO ] 2020-06-26T17:42:53,100Z [main] internal.Node. - Vendor: Corda Open Source
[INFO ] 2020-06-26T17:42:53,108Z [main] internal.Node. - Release: 4.4
[INFO ] 2020-06-26T17:42:53,109Z [main] internal.Node. - Platform Version: 6
[INFO ] 2020-06-26T17:42:53,109Z [main] internal.Node. - Revision: 21e8c4ffb11ef68433e5087b1c2982bdcf3f37f0
[INFO ] 2020-06-26T17:42:53,121Z [main] internal.Node. - PID: 23
[INFO ] 2020-06-26T17:42:53,121Z [main] internal.Node. - Main class: /opt/corda/.capsule/apps/net.corda.node.Corda_4.4/corda-node-4.4.jar
[INFO ] 2020-06-26T17:42:53,121Z [main] internal.Node. - CommandLine Args: -Xmx512m -XX:+UseG1GC -XX:+HeapDumpOnOutOfMemoryError -XX:+CrashOnOutOfMemoryError -XX:+UnlockExperimentalVMOptions -XX:+UseCGroupMemoryLimitForHeap -javaagent:/opt/corda/.capsule/apps/net.corda.node.Corda_4.4/quasar-core-0.7.12_r3-jdk8.jar=x(antlr**;bftsmart**;co.paralleluniverse**;com.codahale**;com.esotericsoftware**;com.fasterxml**;com.google**;com.ibm**;com.intellij**;com.jcabi**;com.nhaarman**;com.opengamma**;com.typesafe**;com.zaxxer**;de.javakaffee**;groovy**;groovyjarjarantlr**;groovyjarjarasm**;io.atomix**;io.github**;io.netty**;jdk**;kotlin**;net.corda.djvm**;djvm**;net.bytebuddy**;net.i2p**;org.apache**;org.bouncycastle**;org.codehaus**;org.crsh**;org.dom4j**;org.fusesource**;org.h2**;org.hibernate**;org.jboss**;org.jcp**;org.joda**;org.objectweb**;org.objenesis**;org.slf4j**;org.w3c**;org.xml**;org.yaml**;reflectasm**;rx**;org.jolokia**;com.lmax**;picocli**;liquibase**;com.github.benmanes**;org.json**;org.postgresql**;nonapi.io.github.classgraph**)l(net.corda.djvm.**) -Dvisualvm.display.name=Corda -Djava.library.path=/usr/java/packages/lib/amd64:/usr/lib64:/lib64:/lib:/usr/lib:/opt/corda/.capsule/apps/net.corda.node.Corda_4.4 -Dcapsule.app=net.corda.node.Corda_4.4 -Dcapsule.dir=/opt/corda/.capsule/apps/net.corda.node.Corda_4.4 -Dcapsule.jar=/opt/corda/bin/corda.jar -Djava.security.egd=file:/dev/./urandom
[INFO ] 2020-06-26T17:42:53,121Z [main] internal.Node. - bootclasspath: /usr/lib/jvm/zulu-8-amd64/jre/lib/resources.jar:/usr/lib/jvm/zulu-8-amd64/jre/lib/rt.jar:/usr/lib/jvm/zulu-8-amd64/jre/lib/sunrsasign.jar:/usr/lib/jvm/zulu-8-amd64/jre/lib/jsse.jar:/usr/lib/jvm/zulu-8-amd64/jre/lib/jce.jar:/usr/lib/jvm/zulu-8-amd64/jre/lib/charsets.jar:/usr/lib/jvm/zulu-8-amd64/jre/lib/jfr.jar:/usr/lib/jvm/zulu-8-amd64/jre/classes
[INFO ] 2020-06-26T17:42:53,121Z [main] internal.Node. - classpath: /opt/corda/bin/corda.jar:/opt/corda/.capsule/apps/net.corda.node.Corda_4.4/tools.jar:/opt/corda/.capsule/apps/net.corda.node.Corda_4.4/corda-shell-4.4.jar:/opt/corda/.capsule/apps/net.corda.node.Corda_4.4/corda-rpc-4.4.jar:/opt/corda/.capsule/apps/net.corda.node.Corda_4.4/corda-node-api-4.4.jar:/opt/corda/.capsule/apps/net.corda.node.Corda_4.4/corda-tools-cliutils-4.4.jar:/opt/corda/.capsule/apps/net.corda.node.Corda_4.4/corda-common-configuration-parsing-4.4.jar:/opt/corda/.capsule/apps/net.corda.node.Corda_4.4/corda-common-validation-4.4.jar:/opt/corda/.capsule/apps/net.corda.node.Corda_4.4/corda-common-logging-4.4.jar:/opt/corda/.capsule/apps/net.corda.node.Corda_4.4/corda-confidential-identities-4.4.jar:/opt/corda/.capsule/apps/net.corda.node.Corda_4.4/log4j-slf4j-impl-2.11.2.jar:/opt/corda/.capsule/apps/net.corda.node.Corda_4.4/log4j-web-2.11.2.jar:/opt/corda/.capsule/apps/net.corda.node.Corda_4.4/jul-to-slf4j-1.7.26.jar:/opt/corda/.capsule/apps/net.corda.node.Corda_4.4/corda-serialization-djvm-4.4.jar:/opt/corda/.capsule/apps/net.corda.node.Corda_4.4/corda-djvm-1.0.jar:/opt/corda/.capsule/apps/net.corda.node.Corda_4.4/corda-jackson-4.4.jar:/opt/corda/.capsule/apps/net.corda.node.Corda_4.4/corda-serialization-4.4.jar:/opt/corda/.capsule/apps/net.corda.node.Corda_4.4/corda-core-4.4.jar:/opt/corda/.capsule/apps/net.corda.node.Corda_4.4/kotlin-stdlib-jdk8-1.2.71.jar:/opt/corda/.capsule/apps/net.corda.node.Corda_4.4/jackson-module-kotlin-2.9.7.jar:/opt/corda/.capsule/apps/net.corda.node.Corda_4.4/kotlin-reflect-1.2.71.jar:/opt/corda/.capsule/apps/net.corda.node.Corda_4.4/quasar-core-0.7.12_r3-jdk8.jar:/opt/corda/.capsule/apps/net.corda.node.Corda_4.4/kryo-serializers-0.43.jar:/opt/corda/.capsule/apps/net.corda.node.Corda_4.4/kryo-4.0.2.jar:/opt/corda/.capsule/apps/net.corda.node.Corda_4.4/metrics-new-relic-1.1.1.jar:/opt/corda/.capsule/apps/net.corda.node.Corda_4.4/guava-28.0-jre.jar:/opt/corda/.capsule/apps/net.corda.node.Corda_4.4/caffeine-2.7.0.jar:/opt/corda/.capsule/apps/net.corda.node.Corda_4.4/disruptor-3.4.2.jar:/opt/corda/.capsule/apps/net.corda.node.Corda_4.4/commons-collections4-4.3.jar:/opt/corda/.capsule/apps/net.corda.node.Corda_4.4/artemis-amqp-protocol-2.6.2.jar:/opt/corda/.capsule/apps/net.corda.node.Corda_4.4/artemis-server-2.6.2.jar:/opt/corda/.capsule/apps/net.corda.node.Corda_4.4/artemis-jdbc-store-2.6.2.jar:/opt/corda/.capsule/apps/net.corda.node.Corda_4.4/artemis-journal-2.6.2.jar:/opt/corda/.capsule/apps/net.corda.node.Corda_4.4/artemis-jms-client-2.6.2.jar:/opt/corda/.capsule/apps/net.corda.node.Corda_4.4/artemis-core-client-2.6.2.jar:/opt/corda/.capsule/apps/net.corda.node.Corda_4.4/artemis-commons-2.6.2.jar:/opt/corda/.capsule/apps/net.corda.node.Corda_4.4/shiro-core-1.4.1.jar:/opt/corda/.capsule/apps/net.corda.node.Corda_4.4/shiro-config-ogdl-1.4.1.jar:/opt/corda/.capsule/apps/net.corda.node.Corda_4.4/commons-beanutils-1.9.3.jar:/opt/corda/.capsule/apps/net.corda.node.Corda_4.4/jcabi-manifests-1.1.jar:/opt/corda/.capsule/apps/net.corda.node.Corda_4.4/metrics-jmx-4.1.0.jar:/opt/corda/.capsule/apps/net.corda.node.Corda_4.4/config-1.3.4.jar:/opt/corda/.capsule/apps/net.corda.node.Corda_4.4/corda-node-djvm-4.4.jar:/opt/corda/.capsule/apps/net.corda.node.Corda_4.4/h2-1.4.199.jar:/opt/corda/.capsule/apps/net.corda.node.Corda_4.4/HikariCP-3.3.1.jar:/opt/corda/.capsule/apps/net.corda.node.Corda_4.4/hibernate-java8-5.4.3.Final.jar:/opt/corda/.capsule/apps/net.corda.node.Corda_4.4/hibernate-core-5.4.3.Final.jar:/opt/corda/.capsule/apps/net.corda.node.Corda_4.4/okhttp-3.14.2.jar:/opt/corda/.capsule/apps/net.corda.node.Corda_4.4/picocli-3.9.6.jar:/opt/corda/.capsule/apps/net.corda.node.Corda_4.4/library-master-v1.1-beta-g6215ec8-87.jar:/opt/corda/.capsule/apps/net.corda.node.Corda_4.4/commons-codec-1.13.jar:/opt/corda/.capsule/apps/net.corda.node.Corda_4.4/copycat-client-1.2.3.jar:/opt/corda/.capsule/apps/net.corda.node.Corda_4.4/copycat-server-1.2.3.jar:/opt/corda/.capsule/apps/net.corda.node.Corda_4.4/catalyst-netty-1.1.2.jar:/opt/corda/.capsule/apps/net.corda.node.Corda_4.4/jolokia-jvm-1.6.1-agent.jar:/opt/corda/.capsule/apps/net.corda.node.Corda_4.4/netty-tcnative-boringssl-static-2.0.14.Final.jar:/opt/corda/.capsule/apps/net.corda.node.Corda_4.4/kotlin-stdlib-jre8-1.2.71.jar:/opt/corda/.capsule/apps/net.corda.node.Corda_4.4/proton-j-0.33.0.jar:/opt/corda/.capsule/apps/net.corda.node.Corda_4.4/classgraph-4.8.58.jar:/opt/corda/.capsule/apps/net.corda.node.Corda_4.4/liquibase-core-3.6.3.jar:/opt/corda/.capsule/apps/net.corda.node.Corda_4.4/jackson-datatype-jsr310-2.9.7.jar:/opt/corda/.capsule/apps/net.corda.node.Corda_4.4/jackson-databind-2.9.7.jar:/opt/corda/.capsule/apps/net.corda.node.Corda_4.4/liquibase-slf4j-2.0.0.jar:/opt/corda/.capsule/apps/net.corda.node.Corda_4.4/crash.connectors.ssh-1.7.2.jar:/opt/corda/.capsule/apps/net.corda.node.Corda_4.4/crash.shell-1.7.2.jar:/opt/corda/.capsule/apps/net.corda.node.Corda_4.4/jansi-1.18.jar:/opt/corda/.capsule/apps/net.corda.node.Corda_4.4/log4j-core-2.11.2.jar:/opt/corda/.capsule/apps/net.corda.node.Corda_4.4/commons-io-2.6.jar:/opt/corda/.capsule/apps/net.corda.node.Corda_4.4/jcabi-log-0.14.jar:/opt/corda/.capsule/apps/net.corda.node.Corda_4.4/metrics-core-4.1.0.jar:/opt/corda/.capsule/apps/net.corda.node.Corda_4.4/shiro-cache-1.4.1.jar:/opt/corda/.capsule/apps/net.corda.node.Corda_4.4/shiro-crypto-hash-1.4.1.jar:/opt/corda/.capsule/apps/net.corda.node.Corda_4.4/shiro-crypto-cipher-1.4.1.jar:/opt/corda/.capsule/apps/net.corda.node.Corda_4.4/shiro-config-core-1.4.1.jar:/opt/corda/.capsule/apps/net.corda.node.Corda_4.4/shiro-event-1.4.1.jar:/opt/corda/.capsule/apps/net.corda.node.Corda_4.4/shiro-crypto-core-1.4.1.jar:/opt/corda/.capsule/apps/net.corda.node.Corda_4.4/shiro-lang-1.4.1.jar:/opt/corda/.capsule/apps/net.corda.node.Corda_4.4/copycat-protocol-1.2.3.jar:/opt/corda/.capsule/apps/net.corda.node.Corda_4.4/catalyst-transport-1.1.2.jar:/opt/corda/.capsule/apps/net.corda.node.Corda_4.4/jcl-over-slf4j-1.7.26.jar:/opt/corda/.capsule/apps/net.corda.node.Corda_4.4/mina-core-2.0.16.jar:/opt/corda/.capsule/apps/net.corda.node.Corda_4.4/catalyst-concurrent-1.1.2.jar:/opt/corda/.capsule/apps/net.corda.node.Corda_4.4/sshd-pam-0.11.0.jar:/opt/corda/.capsule/apps/net.corda.node.Corda_4.4/sshd-core-2.3.0.jar:/opt/corda/.capsule/apps/net.corda.node.Corda_4.4/sshd-common-2.3.0.jar:/opt/corda/.capsule/apps/net.corda.node.Corda_4.4/catalyst-serializer-1.1.2.jar:/opt/corda/.capsule/apps/net.corda.node.Corda_4.4/catalyst-buffer-1.1.2.jar:/opt/corda/.capsule/apps/net.corda.node.Corda_4.4/catalyst-common-1.1.2.jar:/opt/corda/.capsule/apps/net.corda.node.Corda_4.4/slf4j-api-1.7.26.jar:/opt/corda/.capsule/apps/net.corda.node.Corda_4.4/log4j-api-2.11.2.jar:/opt/corda/.capsule/apps/net.corda.node.Corda_4.4/kotlin-stdlib-jdk7-1.2.71.jar:/opt/corda/.capsule/apps/net.corda.node.Corda_4.4/kotlin-stdlib-jre7-1.2.71.jar:/opt/corda/.capsule/apps/net.corda.node.Corda_4.4/kotlin-stdlib-1.2.71.jar:/opt/corda/.capsule/apps/net.corda.node.Corda_4.4/reflectasm-1.11.3.jar:/opt/corda/.capsule/apps/net.corda.node.Corda_4.4/minlog-1.3.0.jar:/opt/corda/.capsule/apps/net.corda.node.Corda_4.4/objenesis-2.5.1.jar:/opt/corda/.capsule/apps/net.corda.node.Corda_4.4/failureaccess-1.0.1.jar:/opt/corda/.capsule/apps/net.corda.node.Corda_4.4/listenablefuture-9999.0-empty-to-avoid-conflict-with-guava.jar:/opt/corda/.capsule/apps/net.corda.node.Corda_4.4/jsr305-3.0.2.jar:/opt/corda/.capsule/apps/net.corda.node.Corda_4.4/checker-qual-2.8.1.jar:/opt/corda/.capsule/apps/net.corda.node.Corda_4.4/error_prone_annotations-2.3.3.jar:/opt/corda/.capsule/apps/net.corda.node.Corda_4.4/j2objc-annotations-1.3.jar:/opt/corda/.capsule/apps/net.corda.node.Corda_4.4/animal-sniffer-annotations-1.17.jar:/opt/corda/.capsule/apps/net.corda.node.Corda_4.4/commons-collections-3.2.2.jar:/opt/corda/.capsule/apps/net.corda.node.Corda_4.4/artemis-native-2.6.2.jar:/opt/corda/.capsule/apps/net.corda.node.Corda_4.4/hibernate-commons-annotations-5.1.0.Final.jar:/opt/corda/.capsule/apps/net.corda.node.Corda_4.4/jboss-logging-3.3.2.Final.jar:/opt/corda/.capsule/apps/net.corda.node.Corda_4.4/artemis-selector-2.6.2.jar:/opt/corda/.capsule/apps/net.corda.node.Corda_4.4/netty-handler-4.1.29.Final.jar:/opt/corda/.capsule/apps/net.corda.node.Corda_4.4/netty-codec-http-4.1.29.Final.jar:/opt/corda/.capsule/apps/net.corda.node.Corda_4.4/netty-codec-4.1.29.Final.jar:/opt/corda/.capsule/apps/net.corda.node.Corda_4.4/netty-transport-native-kqueue-4.1.29.Final-osx-x86_64.jar:/opt/corda/.capsule/apps/net.corda.node.Corda_4.4/netty-transport-native-epoll-4.1.29.Final-linux-x86_64.jar:/opt/corda/.capsule/apps/net.corda.node.Corda_4.4/netty-transport-native-unix-common-4.1.29.Final.jar:/opt/corda/.capsule/apps/net.corda.node.Corda_4.4/netty-transport-4.1.29.Final.jar:/opt/corda/.capsule/apps/net.corda.node.Corda_4.4/netty-buffer-4.1.29.Final.jar:/opt/corda/.capsule/apps/net.corda.node.Corda_4.4/netty-resolver-4.1.29.Final.jar:/opt/corda/.capsule/apps/net.corda.node.Corda_4.4/netty-common-4.1.29.Final.jar:/opt/corda/.capsule/apps/net.corda.node.Corda_4.4/geronimo-json_1.0_spec-1.0-alpha-1.jar:/opt/corda/.capsule/apps/net.corda.node.Corda_4.4/jgroups-3.6.13.Final.jar:/opt/corda/.capsule/apps/net.corda.node.Corda_4.4/johnzon-core-0.9.5.jar:/opt/corda/.capsule/apps/net.corda.node.Corda_4.4/corda-deserializers-djvm-4.4.jar:/opt/corda/.capsule/apps/net.corda.node.Corda_4.4/javax.persistence-api-2.2.jar:/opt/corda/.capsule/apps/net.corda.node.Corda_4.4/javassist-3.24.0-GA.jar:/opt/corda/.capsule/apps/net.corda.node.Corda_4.4/byte-buddy-1.9.10.jar:/opt/corda/.capsule/apps/net.corda.node.Corda_4.4/antlr-2.7.7.jar:/opt/corda/.capsule/apps/net.corda.node.Corda_4.4/jboss-transaction-api_1.2_spec-1.1.1.Final.jar:/opt/corda/.capsule/apps/net.corda.node.Corda_4.4/jandex-2.0.5.Final.jar:/opt/corda/.capsule/apps/net.corda.node.Corda_4.4/classmate-1.3.4.jar:/opt/corda/.capsule/apps/net.corda.node.Corda_4.4/jaxb-runtime-2.3.1.jar:/opt/corda/.capsule/apps/net.corda.node.Corda_4.4/jaxb-api-2.3.1.jar:/opt/corda/.capsule/apps/net.corda.node.Corda_4.4/javax.activation-api-1.2.0.jar:/opt/corda/.capsule/apps/net.corda.node.Corda_4.4/dom4j-2.1.1.jar:/opt/corda/.capsule/apps/net.corda.node.Corda_4.4/okio-1.17.2.jar:/opt/corda/.capsule/apps/net.corda.node.Corda_4.4/jolokia-core-1.6.1.jar:/opt/corda/.capsule/apps/net.corda.node.Corda_4.4/json-simple-1.1.1.jar:/opt/corda/.capsule/apps/net.corda.node.Corda_4.4/newrelic-api-3.10.0.jar:/opt/corda/.capsule/apps/net.corda.node.Corda_4.4/LatencyUtils-2.0.3.jar:/opt/corda/.capsule/apps/net.corda.node.Corda_4.4/HdrHistogram-2.1.9.jar:/opt/corda/.capsule/apps/net.corda.node.Corda_4.4/asm-analysis-5.2.jar:/opt/corda/.capsule/apps/net.corda.node.Corda_4.4/asm-commons-5.2.jar:/opt/corda/.capsule/apps/net.corda.node.Corda_4.4/asm-util-5.2.jar:/opt/corda/.capsule/apps/net.corda.node.Corda_4.4/asm-tree-5.2.jar:/opt/corda/.capsule/apps/net.corda.node.Corda_4.4/asm-7.1.jar:/opt/corda/.capsule/apps/net.corda.node.Corda_4.4/rxjava-1.3.8.jar:/opt/corda/.capsule/apps/net.corda.node.Corda_4.4/commons-lang3-3.9.jar:/opt/corda/.capsule/apps/net.corda.node.Corda_4.4/eddsa-0.3.0.jar:/opt/corda/.capsule/apps/net.corda.node.Corda_4.4/bcpkix-jdk15on-1.60.jar:/opt/corda/.capsule/apps/net.corda.node.Corda_4.4/bcprov-jdk15on-1.60.jar:/opt/corda/.capsule/apps/net.corda.node.Corda_4.4/snappy-0.4.jar:/opt/corda/.capsule/apps/net.corda.node.Corda_4.4/jackson-dataformat-yaml-2.9.7.jar:/opt/corda/.capsule/apps/net.corda.node.Corda_4.4/snakeyaml-1.23.jar:/opt/corda/.capsule/apps/net.corda.node.Corda_4.4/jackson-annotations-2.9.0.jar:/opt/corda/.capsule/apps/net.corda.node.Corda_4.4/jackson-core-2.9.7.jar:/opt/corda/.capsule/apps/net.corda.node.Corda_4.4/crash.cli-1.7.2.jar:/opt/corda/.capsule/apps/net.corda.node.Corda_4.4/groovy-all-1.8.9.jar:/opt/corda/.capsule/apps/net.corda.node.Corda_4.4/kotlin-stdlib-common-1.2.71.jar:/opt/corda/.capsule/apps/net.corda.node.Corda_4.4/annotations-13.0.jar:/opt/corda/.capsule/apps/net.corda.node.Corda_4.4/txw2-2.3.1.jar:/opt/corda/.capsule/apps/net.corda.node.Corda_4.4/istack-commons-runtime-3.0.7.jar:/opt/corda/.capsule/apps/net.corda.node.Corda_4.4/stax-ex-1.8.jar:/opt/corda/.capsule/apps/net.corda.node.Corda_4.4/FastInfoset-1.2.15.jar:/opt/corda/.capsule/apps/net.corda.node.Corda_4.4/geronimo-jms_2.0_spec-1.0-alpha-2.jar:/opt/corda/.capsule/apps/net.corda.node.Corda_4.4/jpam-1.1.jar:/opt/corda/.capsule/apps/net.corda.node.Corda_4.4/corda-node-4.4.jar:/opt/corda/.capsule/apps/net.corda.node.Corda_4.4/quasar-core-0.7.12_r3-jdk8.jar
[INFO ] 2020-06-26T17:42:53,122Z [main] internal.Node. - VM OpenJDK 64-Bit Server VM Azul Systems, Inc. 25.242-b20
[INFO ] 2020-06-26T17:42:53,122Z [main] internal.Node. - Machine: eca0a96bed9a
[INFO ] 2020-06-26T17:42:53,122Z [main] internal.Node. - Working Directory: /opt/corda
[INFO ] 2020-06-26T17:42:53,512Z [main] internal.Node. - Starting as node on partya:10002
[INFO ] 2020-06-26T17:42:53,935Z [main] cordapp.JarScanningCordappLoader. - Looking for CorDapps in [/opt/corda/cordapps]
[INFO ] 2020-06-26T17:42:54,033Z [main] cordapp.JarScanningCordappLoader. - Loading CorDapps from RestrictedURL(url=file:/opt/corda/cordapps/contracts-0.1.jar, rootPackageName=null), RestrictedURL(url=file:/opt/corda/cordapps/workflows-0.1.jar, rootPackageName=null)
[INFO ] 2020-06-26T17:42:54,077Z [main] cordapp.JarScanningCordappLoader. - Scanning CorDapp in file:/opt/corda/cordapps/contracts-0.1.jar
[INFO ] 2020-06-26T17:42:54,874Z [main] cordapp.JarScanningCordappLoader. - Scanning CorDapp in file:/opt/corda/cordapps/workflows-0.1.jar
[INFO ] 2020-06-26T17:42:58,038Z [main] internal.Node. - Flow external operation executor has a max of 4 threads
[WARN ] 2020-06-26T17:42:58,166Z [main] internal.Node. - This node is running in development mode!  This is not safe for production deployment.
[INFO ] 2020-06-26T17:42:58,545Z [main] internal.Node. - Node starting up ...
[INFO ] 2020-06-26T17:42:58,749Z [main] internal.NodeFlowManager. - Registered net.corda.examples.yo.flows.YoFlow to initiate net.corda.examples.yo.flows.YoFlowResponder (version 1)
[INFO ] 2020-06-26T17:42:58,991Z [main] internal.Node. - Binding Shell SSHD server on port 2223.
[INFO ] 2020-06-26T17:42:59,046Z [main] internal.Node. - Setting unsafe users as: [user1]
[INFO ] 2020-06-26T17:42:59,193Z [main] shell.InteractiveShell. - launchShell: User=internalShell perm=[]
[INFO ] 2020-06-26T17:42:59,194Z [main] shell.InteractiveShell. - Shell: PermitExit= true, UNSAFELOCAL=false
[INFO ] 2020-06-26T17:42:59,435Z [main] plugin.PluginManager. - Loaded plugin Plugin[type=SSHPlugin,interface=SSHPlugin]
[INFO ] 2020-06-26T17:42:59,436Z [main] plugin.PluginManager. - Loaded plugin Plugin[type=SSHInlinePlugin,interface=CommandPlugin]
[INFO ] 2020-06-26T17:42:59,439Z [main] plugin.PluginManager. - Loaded plugin Plugin[type=KeyAuthenticationPlugin,interface=KeyAuthenticationPlugin]
[INFO ] 2020-06-26T17:42:59,440Z [main] plugin.PluginManager. - Loaded plugin Plugin[type=CRaSHShellFactory,interface=ShellFactory]
[INFO ] 2020-06-26T17:42:59,450Z [main] plugin.PluginManager. - Loaded plugin Plugin[type=GroovyLanguageProxy,interface=Language]
[INFO ] 2020-06-26T17:42:59,454Z [main] plugin.PluginManager. - Loaded plugin Plugin[type=JavaLanguage,interface=Language]
[INFO ] 2020-06-26T17:42:59,457Z [main] plugin.PluginManager. - Loaded plugin Plugin[type=ScriptLanguage,interface=Language]
[INFO ] 2020-06-26T17:42:59,461Z [main] plugin.PluginManager. - Loaded plugin Plugin[type=JaasAuthenticationPlugin,interface=AuthenticationPlugin]
[INFO ] 2020-06-26T17:42:59,463Z [main] plugin.PluginManager. - Loaded plugin Plugin[type=SimpleAuthenticationPlugin,interface=AuthenticationPlugin]
[INFO ] 2020-06-26T17:42:59,497Z [main] shell.InteractiveShell$ShellLifecycle. - Configuring property ssh.port=2223 from properties
[INFO ] 2020-06-26T17:42:59,503Z [main] shell.InteractiveShell$ShellLifecycle. - Configuring property ssh.keypath=/opt/corda/ssh/hostkey.pem from properties
[INFO ] 2020-06-26T17:42:59,503Z [main] shell.InteractiveShell$ShellLifecycle. - Configuring property ssh.keygen=true from properties
[INFO ] 2020-06-26T17:42:59,503Z [main] shell.InteractiveShell$ShellLifecycle. - Configuring property auth=corda from properties
[INFO ] 2020-06-26T17:42:59,692Z [main] eddsa.EdDSASecurityProviderRegistrar. - getOrCreateProvider(EdDSA) created instance of net.i2p.crypto.eddsa.EdDSASecurityProvider
[INFO ] 2020-06-26T17:42:59,785Z [main] plugin.PluginManager. - Initialized plugin Plugin[type=KeyAuthenticationPlugin,interface=KeyAuthenticationPlugin]
[INFO ] 2020-06-26T17:42:59,785Z [main] plugin.PluginManager. - Initialized plugin Plugin[type=JaasAuthenticationPlugin,interface=AuthenticationPlugin]
[INFO ] 2020-06-26T17:42:59,785Z [main] plugin.PluginManager. - Initialized plugin Plugin[type=SimpleAuthenticationPlugin,interface=AuthenticationPlugin]
[INFO ] 2020-06-26T17:42:59,785Z [main] plugin.PluginManager. - Initialized plugin Plugin[type=CordaAuthenticationPlugin,interface=AuthenticationPlugin]
[INFO ] 2020-06-26T17:42:59,786Z [main] ssh.SSHPlugin. - Booting SSHD
[INFO ] 2020-06-26T17:42:59,876Z [main] plugin.PluginManager. - Initialized plugin Plugin[type=GroovyLanguageProxy,interface=Language]
[INFO ] 2020-06-26T17:42:59,876Z [main] plugin.PluginManager. - Initialized plugin Plugin[type=ScriptLanguage,interface=Language]
[INFO ] 2020-06-26T17:42:59,898Z [main] plugin.PluginManager. - Initialized plugin Plugin[type=CRaSHShellFactory,interface=ShellFactory]
[INFO ] 2020-06-26T17:43:00,715Z [main] term.SSHLifeCycle. - About to start CRaSSHD
[INFO ] 2020-06-26T17:43:00,776Z [main] io.DefaultIoServiceFactoryFactory. - No detected/configured IoServiceFactoryFactory using Nio2ServiceFactoryFactory
[INFO ] 2020-06-26T17:43:00,813Z [main] term.SSHLifeCycle. - CRaSSHD started on port 2223
[INFO ] 2020-06-26T17:43:00,813Z [main] plugin.PluginManager. - Initialized plugin Plugin[type=SSHPlugin,interface=SSHPlugin]
[INFO ] 2020-06-26T17:43:00,813Z [main] plugin.PluginManager. - Initialized plugin Plugin[type=SSHInlinePlugin,interface=CommandPlugin]
[INFO ] 2020-06-26T17:43:00,813Z [main] plugin.PluginManager. - Initialized plugin Plugin[type=CordaDisconnectPlugin,interface=DisconnectPlugin]
[INFO ] 2020-06-26T17:43:07,807Z [main] internal.Node. - Loaded network parameters: NetworkParameters {
      minimumPlatformVersion=6
      notaries=[NotaryInfo(identity=O=Notary, L=London, C=GB, validating=false)]
      maxMessageSize=10485760
      maxTransactionSize=524288000
      whitelistedContractImplementations {
        
      }
      eventHorizon=PT720H
      packageOwnership {
        
      }
      modifiedTime=2020-06-26T17:38:23.144Z
      epoch=1
  }
[INFO ] 2020-06-26T17:43:08,024Z [main] hikari.HikariDataSource. - HikariPool-1 - Starting...
[INFO ] 2020-06-26T17:43:08,956Z [main] hikari.HikariDataSource. - HikariPool-1 - Start completed.
[INFO ] 2020-06-26T17:43:17,475Z [main] jvm.JdbcExecutor. - SELECT MD5SUM FROM PUBLIC.DATABASECHANGELOG WHERE MD5SUM IS NOT NULL
[INFO ] 2020-06-26T17:43:17,485Z [main] jvm.JdbcExecutor. - SELECT COUNT(*) FROM PUBLIC.DATABASECHANGELOG
[INFO ] 2020-06-26T17:43:17,487Z [main] changelog.StandardChangeLogHistoryService. - Reading from PUBLIC.DATABASECHANGELOG
[INFO ] 2020-06-26T17:43:17,488Z [main] jvm.JdbcExecutor. - SELECT * FROM PUBLIC.DATABASECHANGELOG ORDER BY DATEEXECUTED ASC, ORDEREXECUTED ASC
[INFO ] 2020-06-26T17:43:17,531Z [main] jvm.JdbcExecutor. - SELECT COUNT(*) FROM PUBLIC.DATABASECHANGELOGLOCK
[INFO ] 2020-06-26T17:43:17,531Z [main] jvm.JdbcExecutor. - SELECT COUNT(*) FROM PUBLIC.DATABASECHANGELOGLOCK
[INFO ] 2020-06-26T17:43:17,861Z [main] jvm.JdbcExecutor. - SELECT LOCKED FROM PUBLIC.DATABASECHANGELOGLOCK WHERE ID=1
[INFO ] 2020-06-26T17:43:17,887Z [main] lockservice.StandardLockService. - Successfully acquired change log lock
[INFO ] 2020-06-26T17:43:17,936Z [main] lockservice.StandardLockService. - Successfully released change log lock
[INFO ] 2020-06-26T17:43:18,027Z [main] internal.Node. - Connected to H2 database.
[INFO ] 2020-06-26T17:43:18,201Z [main] persistence.HibernateConfiguration. - Init HibernateConfiguration for schemas: [CommonSchemaV1(name=net.corda.core.schemas.CommonSchema, version=1), VaultSchemaV1(name=net.corda.node.services.vault.VaultSchema, version=1), NodeInfoSchemaV1(name=net.corda.node.internal.schemas.NodeInfoSchema, version=1), NodeCoreV1(name=net.corda.node.services.schema.NodeSchemaService$NodeCore, version=1)]
[INFO ] 2020-06-26T17:43:18,203Z [main] persistence.HibernateConfiguration. - Creating session factory for schemas: [CommonSchemaV1(name=net.corda.core.schemas.CommonSchema, version=1), VaultSchemaV1(name=net.corda.node.services.vault.VaultSchema, version=1), NodeInfoSchemaV1(name=net.corda.node.internal.schemas.NodeInfoSchema, version=1), NodeCoreV1(name=net.corda.node.services.schema.NodeSchemaService$NodeCore, version=1)]
[INFO ] 2020-06-26T17:43:22,278Z [main] persistence.HibernateConfiguration. - Created session factory for schemas: [CommonSchemaV1(name=net.corda.core.schemas.CommonSchema, version=1), VaultSchemaV1(name=net.corda.node.services.vault.VaultSchema, version=1), NodeInfoSchemaV1(name=net.corda.node.internal.schemas.NodeInfoSchema, version=1), NodeCoreV1(name=net.corda.node.services.schema.NodeSchemaService$NodeCore, version=1)]
[INFO ] 2020-06-26T17:43:23,427Z [main] network.NetworkMapUpdater. - Auto-accept enabled for network parameter changes which modify only: [epoch, modifiedTime, packageOwnership, whitelistedContractImplementations]
[INFO ] 2020-06-26T17:43:23,629Z [main] security.RPCSecurityManagerImpl. - Constructing realm from list of users in config [User(user1, permissions=[ALL])]
[INFO ] 2020-06-26T17:43:23,733Z [RxIoScheduler-2] network.PersistentNetworkMapCache. - Adding node with info: NodeInfo(addresses=[notary:10002], legalIdentitiesAndCerts=[O=Notary, L=London, C=GB], platformVersion=6, serial=1593193100217)
[INFO ] 2020-06-26T17:43:23,839Z [RxIoScheduler-2] network.PersistentNetworkMapCache. - No previous node found for O=Notary, L=London, C=GB
[INFO ] 2020-06-26T17:43:24,560Z [RxIoScheduler-2] network.PersistentNetworkMapCache. - Adding node with info: NodeInfo(addresses=[partya:10002], legalIdentitiesAndCerts=[O=PartyA, L=London, C=GB], platformVersion=6, serial=1593193099800)
[INFO ] 2020-06-26T17:43:24,580Z [RxIoScheduler-2] network.PersistentNetworkMapCache. - Previous node was identical to incoming one - doing nothing
[INFO ] 2020-06-26T17:43:24,586Z [RxIoScheduler-2] network.PersistentNetworkMapCache. - Adding node with info: NodeInfo(addresses=[partyb:10008], legalIdentitiesAndCerts=[O=PartyB, L=New York, C=US], platformVersion=6, serial=1593193096813)
[INFO ] 2020-06-26T17:43:24,601Z [RxIoScheduler-2] network.PersistentNetworkMapCache. - No previous node found for O=PartyB, L=New York, C=US
[INFO ] 2020-06-26T17:43:24,848Z [main] BasicInfo. - Advertised P2P messaging addresses      : partya:10002
[INFO ] 2020-06-26T17:43:24,872Z [main] BasicInfo. - RPC connection address                  : partya:10006
[INFO ] 2020-06-26T17:43:24,872Z [main] BasicInfo. - RPC admin connection address            : partya:10046
[INFO ] 2020-06-26T17:43:26,568Z [main] messaging.ArtemisMessagingServer. - P2P messaging server listening on 0.0.0.0:10002
[INFO ] 2020-06-26T17:43:27,293Z [main] internal.ArtemisMessagingClient. - Connecting to message broker: localhost:10002
[INFO ] 2020-06-26T17:43:28,524Z [main] internal.ArtemisMessagingClient. - Connecting to message broker: localhost:10002
[INFO ] 2020-06-26T17:43:29,213Z [main] messaging.P2PMessagingClient. - Connecting to message broker: localhost:10002
[INFO ] 2020-06-26T17:43:29,520Z [main] messaging.P2PMessagingClient. - Create fresh queue p2p.inbound.DL4fpv8BCW4GopS3itdGKSxuGBKfhg4iuZiKFGqPXu89wQ bound on same address
[INFO ] 2020-06-26T17:43:31,485Z [Thread-3 (ActiveMQ-client-global-threads)] bridging.BridgeControlListener. - Received bridge control message NodeToBridgeSnapshot(nodeIdentity=O=PartyA, L=London, C=GB, inboxQueues=[p2p.inbound.DL4fpv8BCW4GopS3itdGKSxuGBKfhg4iuZiKFGqPXu89wQ], sendQueues=[])
[INFO ] 2020-06-26T17:43:31,802Z [main] ClassloaderUtils. - Contracts loading for '/tmp/attachment5954727438087392312.jar' took 116 msec
[INFO ] 2020-06-26T17:43:32,008Z [main] persistence.NodeAttachmentService. - Stored new attachment: id=E2C38B00096C5CB5628E2914BC8320A290CD72046217422BB96B2A3E2822BA4B uploader=app filename=yo CorDapp
[INFO ] 2020-06-26T17:43:34,078Z [main] statemachine.SingleThreadedStateMachineManager. - Node ready, info: NodeInfo(addresses=[partya:10002], legalIdentitiesAndCerts=[O=PartyA, L=London, C=GB], platformVersion=6, serial=1593193099800)
[INFO ] 2020-06-26T17:43:34,317Z [main] BasicInfo. - Loaded 2 CorDapp(s)                     : Contract CorDapp: yo CorDapp version 1 by vendor Corda Open Source with licence Apache License, Version 2.0, Workflow CorDapp: yo Flows version 1 by vendor Corda Open Source with licence Apache License, Version 2.0
[INFO ] 2020-06-26T17:43:34,334Z [Node thread-1] internal.Node. - Registering JMX reporter:
[INFO ] 2020-06-26T17:43:34,341Z [main] BasicInfo. - Node for "PartyA" started up and registered in 47.74 sec
[INFO ] 2020-06-26T17:43:34,341Z [main] BasicInfo. - SSH server listening on port            : 2223
[INFO ] 2020-06-26T17:43:34,342Z [main] rpc.RPCServer. - Starting RPC server with configuration RPCServerConfiguration(rpcThreadPoolSize=4, reapInterval=PT1S, deduplicationCacheExpiry=PT24H)
[INFO ] 2020-06-26T17:43:34,347Z [Node thread-1] internal.Node. - Registering Jolokia JMX reporter:
[INFO ] 2020-06-26T17:43:34,864Z [main] BasicInfo. - Running P2PMessaging loop
[WARN ] 2020-06-26T17:49:44,298Z [Thread-1 (activemq-netty-threads)] artemis.BrokerJaasLoginModule. - Login failed: org.apache.shiro.authc.IncorrectCredentialsException: Submitted credentials for token [org.apache.shiro.authc.UsernamePasswordToken - user1, rememberMe=false] did not match the expected credentials.
[INFO ] 2020-06-26T17:49:44,375Z [sshd-SshServer[7c7ed72a](port=2223)-nio2-thread-1] internal.RPCClient. - Failed Startup took 185 msec
[WARN ] 2020-06-26T17:49:44,377Z [sshd-SshServer[7c7ed72a](port=2223)-nio2-thread-1] shell.CordaAuthenticationPlugin. - AMQ119031: Unable to validate user from /172.20.0.4:42690. Username: user1; SSL certificate subject DN: unavailable
[INFO ] 2020-06-26T17:49:46,954Z [sshd-SshServer[7c7ed72a](port=2223)-nio2-thread-3] internal.RPCClient. - Startup took 202 msec
[INFO ] 2020-06-26T17:49:46,964Z [sshd-SshServer[7c7ed72a](port=2223)-nio2-thread-3] session.ServerSessionImpl. - Session user1@/172.20.0.1:43968 authenticated
[INFO ] 2020-06-26T17:50:18,074Z [CRaSH] term.CRaSHCommand. - Session user1@/172.20.0.1:43968 disconnected
[INFO ] 2020-06-26T17:50:18,096Z [Thread-15 (ActiveMQ-client-global-threads)] rpc.RPCServer. - Detected RPC client disconnect on address rpc.client.user1.7000300212193076931, scheduling for reaping
[INFO ] 2020-06-26T18:09:02,786Z [sshd-SshServer[7c7ed72a](port=2223)-nio2-thread-5] internal.RPCClient. - Startup took 46 msec
[INFO ] 2020-06-26T18:09:02,788Z [sshd-SshServer[7c7ed72a](port=2223)-nio2-thread-5] session.ServerSessionImpl. - Session user1@/172.20.0.1:43976 authenticated
[INFO ] 2020-06-26T18:09:15,626Z [pool-10-thread-1] shell.FlowShellCommand. - Executing command "flow list".
[INFO ] 2020-06-26T18:09:21,849Z [pool-10-thread-2] shell.FlowShellCommand. - Executing command "flow start YoFlow <no arguments>",
[INFO ] 2020-06-26T18:09:28,879Z [pool-10-thread-3] shell.FlowShellCommand. - Executing command "flow start YoFlow Party: PartyB",
[INFO ] 2020-06-26T18:09:36,748Z [pool-10-thread-4] shell.FlowShellCommand. - Executing command "flow start YoFlow target: PartyB",
[INFO ] 2020-06-26T18:09:38,150Z [Node thread-1] corda.flow. - No need to notarise this transaction. {actor_id=user1, actor_owning_identity=O=PartyA, L=London, C=GB, actor_store_id=NODE_CONFIG, fiber-id=10000001, flow-id=cf0b9c1c-704b-45ed-bf94-5a1f836164af, invocation_id=0a360171-ef27-4b4e-a037-f3e82f67851c, invocation_timestamp=2020-06-26T18:09:36.872Z, origin=user1, session_id=6fbe2b57-95d0-4807-8e07-daf4cd1406aa, session_timestamp=2020-06-26T18:09:02.740Z, thread-id=131, tx_id=FA826AE8881560A8157C47002211DE2AB819A531F82DDDF13BCCF9EE9793F00C}
[INFO ] 2020-06-26T18:09:38,150Z [Node thread-1] corda.flow. - Recording transaction locally. {actor_id=user1, actor_owning_identity=O=PartyA, L=London, C=GB, actor_store_id=NODE_CONFIG, fiber-id=10000001, flow-id=cf0b9c1c-704b-45ed-bf94-5a1f836164af, invocation_id=0a360171-ef27-4b4e-a037-f3e82f67851c, invocation_timestamp=2020-06-26T18:09:36.872Z, origin=user1, session_id=6fbe2b57-95d0-4807-8e07-daf4cd1406aa, session_timestamp=2020-06-26T18:09:02.740Z, thread-id=131, tx_id=FA826AE8881560A8157C47002211DE2AB819A531F82DDDF13BCCF9EE9793F00C}
[INFO ] 2020-06-26T18:09:38,288Z [Node thread-1] corda.flow. - Recorded transaction locally successfully. {actor_id=user1, actor_owning_identity=O=PartyA, L=London, C=GB, actor_store_id=NODE_CONFIG, fiber-id=10000001, flow-id=cf0b9c1c-704b-45ed-bf94-5a1f836164af, invocation_id=0a360171-ef27-4b4e-a037-f3e82f67851c, invocation_timestamp=2020-06-26T18:09:36.872Z, origin=user1, session_id=6fbe2b57-95d0-4807-8e07-daf4cd1406aa, session_timestamp=2020-06-26T18:09:02.740Z, thread-id=131, tx_id=FA826AE8881560A8157C47002211DE2AB819A531F82DDDF13BCCF9EE9793F00C}
[INFO ] 2020-06-26T18:09:38,455Z [Node thread-1] messaging.P2PMessagingClient. - Create fresh queue internal.peers.DLExug2vRJwFAmzwd8z1nF3ppN1gvPD5RgreNpfT857FPt bound on same address {actor_id=user1, actor_owning_identity=O=PartyA, L=London, C=GB, actor_store_id=NODE_CONFIG, fiber-id=10000001, flow-id=cf0b9c1c-704b-45ed-bf94-5a1f836164af, invocation_id=0a360171-ef27-4b4e-a037-f3e82f67851c, invocation_timestamp=2020-06-26T18:09:36.872Z, origin=user1, session_id=6fbe2b57-95d0-4807-8e07-daf4cd1406aa, session_timestamp=2020-06-26T18:09:02.740Z, thread-id=131, tx_id=FA826AE8881560A8157C47002211DE2AB819A531F82DDDF13BCCF9EE9793F00C}
[INFO ] 2020-06-26T18:09:38,568Z [Thread-38 (ActiveMQ-client-global-threads)] bridging.BridgeControlListener. - Received bridge control message Create(nodeIdentity=O=PartyA, L=London, C=GB, bridgeInfo=BridgeEntry(queueName=internal.peers.DLExug2vRJwFAmzwd8z1nF3ppN1gvPD5RgreNpfT857FPt, targets=[partyb:10008], legalNames=[O=PartyB, L=New York, C=US]))
[INFO ] 2020-06-26T18:09:38,670Z [Thread-38 (ActiveMQ-client-global-threads)] bridging.AMQPBridgeManager$AMQPBridge. - Create new AMQP bridge {legalNames=O=PartyB, L=New York, C=US, maxMessageSize=10485760, queueName=internal.peers.DLExug2vRJwFAmzwd8z1nF3ppN1gvPD5RgreNpfT857FPt, targets=partyb:10008}
[INFO ] 2020-06-26T18:09:38,674Z [Thread-38 (ActiveMQ-client-global-threads)] netty.AMQPClient. - connect to: partyb:10008
[INFO ] 2020-06-26T18:09:38,817Z [nioEventLoopGroup-2-1] netty.AMQPClient. - Connected to partyb:10008
[INFO ] 2020-06-26T18:09:38,826Z [nioEventLoopGroup-2-1] netty.AMQPChannelHandler. - New client connection 73173eab from partyb/172.20.0.2:10008 to /172.20.0.4:50182 {allowedRemoteLegalNames=O=PartyB, L=New York, C=US, localCert=null, remoteAddress=partyb/172.20.0.2:10008, remoteCert=null, serverMode=false}
[INFO ] 2020-06-26T18:09:38,905Z [nioEventLoopGroup-2-1] netty.LoggingTrustManagerWrapper. - Check Server Certpath:
  C=US,L=New York,O=PartyB[E6D3AE90C2662601AC57E32A12BA240AD2976C58] issued by C=US,L=New York,O=PartyB[50CDC1EC479F62D24402D95E626E930590BCAE91]
  C=US,L=New York,O=PartyB[50CDC1EC479F62D24402D95E626E930590BCAE91] issued by C=US,L=New York,OU=Corda,O=R3 HoldCo LLC,CN=Corda Doorman CA[EBEE2E30152940AE19981ED86FE37D7F07A2C213]
  C=US,L=New York,OU=Corda,O=R3 HoldCo LLC,CN=Corda Doorman CA[EBEE2E30152940AE19981ED86FE37D7F07A2C213] issued by CN=Corda Node Root CA,O=R3,OU=corda,L=London,C=UK[7CAEA9DFB948012B13890B9AE645851C39170773]
  CN=Corda Node Root CA,O=R3,OU=corda,L=London,C=UK[7CAEA9DFB948012B13890B9AE645851C39170773] issued by CN=Corda Node Root CA,O=R3,OU=corda,L=London,C=UK[null]
[INFO ] 2020-06-26T18:09:38,953Z [nioEventLoopGroup-2-1] netty.AMQPChannelHandler. - Handshake completed with subject: O=PartyB, L=New York, C=US {allowedRemoteLegalNames=O=PartyB, L=New York, C=US, localCert=O=PartyA, L=London, C=GB, remoteAddress=partyb/172.20.0.2:10008, remoteCert=O=PartyB, L=New York, C=US, serverMode=false}
[INFO ] 2020-06-26T18:09:39,094Z [nioEventLoopGroup-2-1] bridging.AMQPBridgeManager$AMQPBridge. - Bridge Connected {legalNames=O=PartyB, L=New York, C=US, maxMessageSize=10485760, queueName=internal.peers.DLExug2vRJwFAmzwd8z1nF3ppN1gvPD5RgreNpfT857FPt, targets=partyb:10008}
[INFO ] 2020-06-26T18:09:39,110Z [nioEventLoopGroup-2-1] engine.ConnectionStateMachine. - Connection local open [id: 0x73173eab, L:/172.20.0.4:50182 - R:partyb/172.20.0.2:10008] {conn=[id: 0x73173eab, L:/172.20.0.4:50182 - R:partyb/172.20.0.2:10008], localLegalName=O=PartyA, L=London, C=GB, remoteLegalName=O=PartyB, L=New York, C=US, serverMode=false}
[INFO ] 2020-06-26T18:09:42,298Z [Node thread-1] corda.flow. - Party O=PartyB, L=New York, C=US received the transaction. {actor_id=user1, actor_owning_identity=O=PartyA, L=London, C=GB, actor_store_id=NODE_CONFIG, fiber-id=10000001, flow-id=cf0b9c1c-704b-45ed-bf94-5a1f836164af, invocation_id=0a360171-ef27-4b4e-a037-f3e82f67851c, invocation_timestamp=2020-06-26T18:09:36.872Z, origin=user1, session_id=6fbe2b57-95d0-4807-8e07-daf4cd1406aa, session_timestamp=2020-06-26T18:09:02.740Z, thread-id=131, tx_id=FA826AE8881560A8157C47002211DE2AB819A531F82DDDF13BCCF9EE9793F00C}
[INFO ] 2020-06-26T18:09:42,298Z [Node thread-1] corda.flow. - All parties received the transaction successfully. {actor_id=user1, actor_owning_identity=O=PartyA, L=London, C=GB, actor_store_id=NODE_CONFIG, fiber-id=10000001, flow-id=cf0b9c1c-704b-45ed-bf94-5a1f836164af, invocation_id=0a360171-ef27-4b4e-a037-f3e82f67851c, invocation_timestamp=2020-06-26T18:09:36.872Z, origin=user1, session_id=6fbe2b57-95d0-4807-8e07-daf4cd1406aa, session_timestamp=2020-06-26T18:09:02.740Z, thread-id=131, tx_id=FA826AE8881560A8157C47002211DE2AB819A531F82DDDF13BCCF9EE9793F00C}
[INFO ] 2020-06-26T18:10:06,947Z [sshd-SshServer[7c7ed72a](port=2223)-nio2-thread-3] term.CRaSHCommand. - Session user1@/172.20.0.1:43976 disconnected
[INFO ] 2020-06-26T18:10:07,064Z [Thread-51 (ActiveMQ-client-global-threads)] rpc.RPCServer. - Detected RPC client disconnect on address rpc.client.user1.3683834784579718372, scheduling for reaping
